======================================
INPUT: /work/10548/chenhaoh/ls6/transopt_cp_models/gt3_6t_adder8_sptr/cp_model/gt3_6t_adder8_partition_1.cp_model.textproto
OUTPUT: /work/10548/chenhaoh/ls6/transopt_cp_models/gt3_6t_adder8_sptr/response/gt3_6t_adder8_partition_1.response.textproto
PARAMS: num_workers:64,max_time_in_seconds:300
======================================
TACC:  Starting up job 2602958 
TACC:  Starting parallel tasks... 

Starting CP-SAT solver v9.14.9999
Parameters: max_time_in_seconds: 300 log_search_progress: true num_workers: 64

Initial optimization model 'gt3_6t_adder8_partition_1.cp_model': (model_fingerprint: 0x332d6b4cad4d060d)
#Variables: 9'766 (#bools: 1'252 #ints: 48 in floating point objective) (8'705 primary variables)
  - 5'813 Booleans in [0,1]
  - 5 in [0][3][5][7][9,11][20,22]
  - 1 in [0][3][5][9,10][22]
  - 3 in [0][3][5][9,11][22]
  - 10 in [0][3][7][9,11][20,22]
  - 1 in [0][3][7][10][20][22]
  - 4 in [0][3][7][10][22]
  - 15 in [0][3][7][10,11][20,22]
  - 4 in [0][3][9,10][22]
  - 11 in [0][3][9,11][22]
  - 28 in [0][3][10][22]
  - 15 in [0][3][10,11][22]
  - 2'845 in [0,3]
  - 24 in [0,1728]
  - 24 in [0,2436]
  - 4 in [1,2][4,5][12][14][20][22]
  - 14 in [1,2][4,5][12][14][22]
  - 5 in [1,2][4,5][12][22]
  - 1 in [1,2][4,5][12,13][22]
  - 3 in [1,2][4,5][12,14][22]
  - 10 in [1,2][4,6][12][14][20][22]
  - 5 in [1,2][4,6][12,14][16][20][22]
  - 4 in [1,2][5][12,13][22]
  - 13 in [1,2][5][12,14][22]
  - 10 in [1,2][5,6][12,14][16][18][20][22]
  - 4 in [1,2][5,6][12,14][16][18][22]
  - 11 in [2][4,5][9][12][14][20][22]
  - 11 in [2][4,5][9][12][14][22]
  - 4 in [2][4,5][9][12][22]
  - 5 in [2][4,5][9,10][14][20][22]
  - 6 in [2][4,5][9,10][14][22]
  - 2 in [2][4,5][9,10][22]
  - 10 in [2][5][7][9,11][20,22]
  - 5 in [2][5][7][20][22]
  - 14 in [2][5][7][20,22]
  - 20 in [2][5][8][12][17][19][22]
  - 4 in [2][5][8][12,13][17][22]
  - 4 in [2][5][8][12,13][22]
  - 12 in [2][5][8][12,14][22]
  - 14 in [2][5][8][17][19][22]
  - 8 in [2][5][9,10][22]
  - 11 in [2][5][9,11][14][20,22]
  - 9 in [2][5][9,11][14][22]
  - 4 in [2][5][9,11][20,22]
  - 14 in [2][5][9,11][22]
  - 4 in [2][5][15,17][19][22]
  - 9 in [2][5][15,17][22]
  - 15 in [2][5][15,18][22]
  - 15 in [2][5][15,19][22]
  - 23 in [2][5][17][19][22]
  - 27 in [2][5][20][22]
  - 15 in [2][5][20,22]
  - 5 in [2][5,6][8][12][15,19][22]
  - 11 in [2][5,6][8][12][16,19][22]
  - 5 in [2][5,6][8][12,13][16,18][22]
  - 11 in [2][5,6][8][12,14][16][18][22]
  - 11 in [2][5,6][8][15,19][22]
  - 5 in [2][5,6][15,17][22]
  - 14 in [2][5,6][15,18][22]
  - 9 in [2][5,6][16][18][20][22]
  - 14 in [2][5,6][16][18][22]
  - 11 in [2][5,6][16][20][22]
  - 5 in [2][5,6][16][22]
  - 5 in [2][5,6][16,17][22]
  - 17 in [2][5,6][16,18][22]
  - 15 in [2][5,6][20][22]
  - 5 in [2,3][5][7][9,11][20,22]
  - 2 in [2,3][5][9,10][22]
  - 6 in [2,3][5][9,11][22]
  - 12 in [3][5][7][9,11][20,22]
  - 3 in [3][5][9,10][22]
  - 11 in [3][5][9,11][22]
  - 18 in [3][10][22]
  - 5 in [5][7][20][22]
  - 17 in [5][7][20,22]
  - 16 in [5][15,17][19][22]
  - 18 in [5][15,17][22]
  - 20 in [5][17][19][22]
  - 8 in [7][20][22]
  - 23 in [7][20,22]
  - 10 in [16,17][19][22]
  - 15 in [16,17][22]
  - 12 in [17][19][22]
  - 275 constants in {0,1,2,3,4,5,6,7,8,9,10,11,12,13,14,15,16,17,18,19,20,21} 
#kAtMostOne: 788 (#literals: 2'554)
#kBoolAnd: 301 (#enforced: 301) (#literals: 602)
#kBoolOr: 6'471 (#enforced: 328) (#literals: 12'888)
#kExactlyOne: 12 (#literals: 453)
#kLinMax: 48 (#expressions: 48)
#kLinear1: 8'094 (#enforced: 8'094 #multi: 27)
#kLinear2: 3'446 (#enforced: 3'285 #multi: 427)
#kLinear3: 177
#kLinearN: 674 (#terms: 5'001)

Starting presolve at 0.02s
[Scaling] Floating point objective has 1300 terms with magnitude in [25, 1000] average = 617.797
[Scaling] Objective coefficient relative error: 0
[Scaling] Objective worst-case absolute error: 0
[Scaling] Objective scaling factor: 1
  2.45e-03s  0.00e+00d  [DetectDominanceRelations] 
  1.04e-01s  0.00e+00d  [PresolveToFixPoint] #num_loops=5 #num_dual_strengthening=4 
  1.08e-03s  0.00e+00d  [ExtractEncodingFromLinear] #potential_supersets=794 #potential_subsets=48 #exo_encodings=48 #unique_terms=2 #multiple_terms=292 #literals=1'812 
  6.90e-04s  0.00e+00d  [DetectDuplicateColumns] 
  9.29e-04s  0.00e+00d  [DetectDuplicateConstraints] #duplicates=1'112 
[Symmetry] Graph for symmetry has 33'824 nodes and 57'235 arcs.
[Symmetry] Symmetry computation done. time: 0.0104392 dtime: 0.0128001
[SAT presolve] num removable Booleans: 0 / 5041
[SAT presolve] num trivial clauses: 0
[SAT presolve] [0s] clauses:8199 literals:19071 vars:4884 one_side_vars:2235 simple_definition:785 singleton_clauses:0
[SAT presolve] [0.000444917s] clauses:8151 literals:18927 vars:4884 one_side_vars:2235 simple_definition:817 singleton_clauses:0
[SAT presolve] [0.000766268s] clauses:8151 literals:18927 vars:4884 one_side_vars:2235 simple_definition:817 singleton_clauses:0
  6.55e-04s  0.00e+00d  [DetectDuplicateConstraintsWithDifferentEnforcements] 
  4.79e-02s  2.21e-02d  [Probe] #probed=13'463 #fixed_bools=1 #new_bounds=69 #equiv=198 #new_binary_clauses=2'589 
  4.83e-03s  6.61e-03d  [MaxClique] Merged 7'520(15'878 literals) into 5'409(12'862 literals) at_most_ones. 
  2.69e-03s  0.00e+00d  [DetectDominanceRelations] 
  2.13e-02s  0.00e+00d  [PresolveToFixPoint] #num_loops=3 #num_dual_strengthening=1 
  1.81e-03s  0.00e+00d  [ProcessAtMostOneAndLinear] 
  7.78e-04s  0.00e+00d  [DetectDuplicateConstraints] #duplicates=167 
  6.20e-04s  0.00e+00d  [DetectDuplicateConstraintsWithDifferentEnforcements] 
  2.89e-04s  1.54e-05d  [DetectDominatedLinearConstraints] #relevant_constraints=824 
  2.05e-04s  0.00e+00d  [DetectDifferentVariables] 
  1.85e-03s  7.08e-05d  [ProcessSetPPC] #relevant_constraints=6'612 #num_inclusions=1'976 
  3.12e-04s  6.50e-08d  [FindAlmostIdenticalLinearConstraints] #num_tested_pairs=4 
  1.49e-03s  1.08e-03d  [FindBigAtMostOneAndLinearOverlap] 
  6.66e-04s  6.62e-04d  [FindBigVerticalLinearOverlap] 
  4.41e-04s  9.61e-04d  [FindBigHorizontalLinearOverlap] #linears=574 
  5.92e-04s  1.66e-05d  [MergeClauses] #num_collisions=527 #num_merges=527 #num_saved_literals=1'054 
  2.69e-03s  0.00e+00d  [DetectDominanceRelations] 
  1.77e-02s  0.00e+00d  [PresolveToFixPoint] #num_loops=1 #num_dual_strengthening=1 
  2.71e-03s  0.00e+00d  [DetectDominanceRelations] 
  1.73e-02s  0.00e+00d  [PresolveToFixPoint] #num_loops=1 #num_dual_strengthening=1 
  4.16e-04s  0.00e+00d  [DetectDuplicateColumns] 
  5.87e-04s  0.00e+00d  [DetectDuplicateConstraints] #duplicates=24 
[Symmetry] Graph for symmetry has 30'678 nodes and 46'283 arcs.
[Symmetry] Symmetry computation done. time: 0.00761244 dtime: 0.0114589
[SAT presolve] num removable Booleans: 0 / 4699
[SAT presolve] num trivial clauses: 0
[SAT presolve] [0s] clauses:5407 literals:11921 vars:3959 one_side_vars:2239 simple_definition:385 singleton_clauses:0
[SAT presolve] [0.000253533s] clauses:5407 literals:11921 vars:3959 one_side_vars:2239 simple_definition:385 singleton_clauses:0
[SAT presolve] [0.000536772s] clauses:5407 literals:11921 vars:3959 one_side_vars:2239 simple_definition:385 singleton_clauses:0
  7.27e-04s  0.00e+00d  [DetectDuplicateConstraintsWithDifferentEnforcements] 
  3.28e-02s  1.09e-02d  [Probe] #probed=12'984 #new_binary_clauses=867 
  3.18e-03s  1.93e-03d  [MaxClique] 
  2.74e-03s  0.00e+00d  [DetectDominanceRelations] 
  1.82e-02s  0.00e+00d  [PresolveToFixPoint] #num_loops=1 #num_dual_strengthening=1 
  1.79e-03s  0.00e+00d  [ProcessAtMostOneAndLinear] 
  7.26e-04s  0.00e+00d  [DetectDuplicateConstraints] 
  6.34e-04s  0.00e+00d  [DetectDuplicateConstraintsWithDifferentEnforcements] 
  3.23e-04s  1.54e-05d  [DetectDominatedLinearConstraints] #relevant_constraints=824 
  2.32e-04s  0.00e+00d  [DetectDifferentVariables] 
  1.63e-03s  6.01e-05d  [ProcessSetPPC] #relevant_constraints=6'272 #num_inclusions=1'803 
  3.38e-04s  1.05e-07d  [FindAlmostIdenticalLinearConstraints] #num_tested_pairs=6 
  1.56e-03s  1.18e-03d  [FindBigAtMostOneAndLinearOverlap] 
  6.62e-04s  6.56e-04d  [FindBigVerticalLinearOverlap] 
  4.68e-04s  9.61e-04d  [FindBigHorizontalLinearOverlap] #linears=574 
  6.26e-04s  1.66e-05d  [MergeClauses] #num_collisions=527 #num_merges=527 #num_saved_literals=1'054 
  2.78e-03s  0.00e+00d  [DetectDominanceRelations] 
  1.74e-02s  0.00e+00d  [PresolveToFixPoint] #num_loops=1 #num_dual_strengthening=1 
  2.77e-03s  0.00e+00d  [DetectDominanceRelations] 
  1.73e-02s  0.00e+00d  [PresolveToFixPoint] #num_loops=1 #num_dual_strengthening=1 
  4.41e-04s  0.00e+00d  [DetectDuplicateColumns] 
  5.96e-04s  0.00e+00d  [DetectDuplicateConstraints] 
[Symmetry] Graph for symmetry has 30'678 nodes and 46'283 arcs.
[Symmetry] Symmetry computation done. time: 0.00762371 dtime: 0.0114589
[SAT presolve] num removable Booleans: 0 / 4699
[SAT presolve] num trivial clauses: 0
[SAT presolve] [0s] clauses:5407 literals:11921 vars:3959 one_side_vars:2239 simple_definition:385 singleton_clauses:0
[SAT presolve] [0.000259814s] clauses:5407 literals:11921 vars:3959 one_side_vars:2239 simple_definition:385 singleton_clauses:0
[SAT presolve] [0.000542913s] clauses:5407 literals:11921 vars:3959 one_side_vars:2239 simple_definition:385 singleton_clauses:0
  7.64e-04s  0.00e+00d  [DetectDuplicateConstraintsWithDifferentEnforcements] 
  3.31e-02s  1.09e-02d  [Probe] #probed=12'984 #new_binary_clauses=867 
  3.14e-03s  1.93e-03d  [MaxClique] 
  2.83e-03s  0.00e+00d  [DetectDominanceRelations] 
  1.84e-02s  0.00e+00d  [PresolveToFixPoint] #num_loops=1 #num_dual_strengthening=1 
  1.86e-03s  0.00e+00d  [ProcessAtMostOneAndLinear] 
  7.44e-04s  0.00e+00d  [DetectDuplicateConstraints] 
  6.66e-04s  0.00e+00d  [DetectDuplicateConstraintsWithDifferentEnforcements] 
  3.51e-04s  1.54e-05d  [DetectDominatedLinearConstraints] #relevant_constraints=824 
  2.60e-04s  0.00e+00d  [DetectDifferentVariables] 
  1.66e-03s  6.01e-05d  [ProcessSetPPC] #relevant_constraints=6'272 #num_inclusions=1'803 
  3.69e-04s  8.50e-08d  [FindAlmostIdenticalLinearConstraints] #num_tested_pairs=5 
  1.56e-03s  1.17e-03d  [FindBigAtMostOneAndLinearOverlap] 
  6.58e-04s  6.56e-04d  [FindBigVerticalLinearOverlap] 
  4.97e-04s  9.61e-04d  [FindBigHorizontalLinearOverlap] #linears=574 
  6.64e-04s  1.66e-05d  [MergeClauses] #num_collisions=527 #num_merges=527 #num_saved_literals=1'054 
  2.86e-03s  0.00e+00d  [DetectDominanceRelations] 
  1.76e-02s  0.00e+00d  [PresolveToFixPoint] #num_loops=1 #num_dual_strengthening=1 
  8.69e-04s  0.00e+00d  [ExpandObjective] #entries=31'264 #tight_variables=941 #tight_constraints=216 

Presolve summary:
  - 1048 affine relations were detected.
  - rule 'TODO dual: only one blocking constraint?' was applied 2'452 times.
  - rule 'affine: new relation' was applied 1'048 times.
  - rule 'at_most_one: removed literals' was applied 142 times.
  - rule 'at_most_one: resolved two constraints with opposite literal' was applied 143 times.
  - rule 'at_most_one: size one' was applied 282 times.
  - rule 'at_most_one: transformed into max clique.' was applied 1 time.
  - rule 'bool_and: x => x' was applied 801 times.
  - rule 'bool_or: always true' was applied 695 times.
  - rule 'bool_or: implications' was applied 5'502 times.
  - rule 'bool_or: only one literal' was applied 177 times.
  - rule 'deductions: 9247 stored' was applied 1 time.
  - rule 'dual: enforced equivalence' was applied 551 times.
  - rule 'dual: fix variable' was applied 280 times.
  - rule 'dual: make encoding equiv' was applied 27'376 times.
  - rule 'duplicate: removed constraint' was applied 1'303 times.
  - rule 'encoding: extracted from linear' was applied 48 times.
  - rule 'encoding: reduced target domain' was applied 48 times.
  - rule 'enforcement: false literal' was applied 843 times.
  - rule 'enforcement: true literal' was applied 2 times.
  - rule 'exactly_one: removed literals' was applied 1 time.
  - rule 'exactly_one: simplified objective' was applied 21 times.
  - rule 'lin_max: converted to equality' was applied 48 times.
  - rule 'lin_max: target domain reduced' was applied 48 times.
  - rule 'linear1: transformed to implication' was applied 280 times.
  - rule 'linear2: implied ax + by = cte has only one solution' was applied 427 times.
  - rule 'linear: always true' was applied 667 times.
  - rule 'linear: divide by GCD' was applied 253 times.
  - rule 'linear: enforcement literal in expression' was applied 134 times.
  - rule 'linear: fixed or dup variables' was applied 274 times.
  - rule 'linear: positive equal one' was applied 27 times.
  - rule 'linear: reduced variable domains' was applied 46 times.
  - rule 'linear: remapped using affine relations' was applied 1'047 times.
  - rule 'linear: simplified rhs' was applied 807 times.
  - rule 'new_bool: integer encoding' was applied 286 times.
  - rule 'presolve: 873 unused variables removed.' was applied 1 time.
  - rule 'presolve: iteration' was applied 3 times.
  - rule 'probing: simplified clauses.' was applied 2 times.
  - rule 'setppc: bool_or in at_most_one.' was applied 160 times.
  - rule 'setppc: removed dominated constraints' was applied 13 times.
  - rule 'variables with 2 values: new affine relation' was applied 7 times.
  - rule 'variables with 2 values: register other encoding' was applied 6 times.
  - rule 'variables: add encoding constraint' was applied 282 times.
  - rule 'variables: both boolean and its negation fix the same variable' was applied 65 times.
  - rule 'variables: canonicalize affine domain' was applied 66 times.
  - rule 'variables: detect fully reified value encoding' was applied 3'546 times.
  - rule 'variables: detect half reified value encoding' was applied 7'787 times.
  - rule 'variables: only used in encoding' was applied 280 times.
  - rule 'variables: only used in objective and in encoding' was applied 42 times.

Presolved optimization model 'gt3_6t_adder8_partition_1.cp_model': (model_fingerprint: 0x225ac4bbd1514cdd)
#Variables: 7'732 (#bools: 1'112 in objective) (6'880 primary variables)
  - 4'699 Booleans in [0,1]
  - 3 in [0][3][5][7][9,11][20,22]
  - 1 in [0][3][5][9,10][22]
  - 3 in [0][3][5][9,11][22]
  - 9 in [0][3][7][9,11][20,22]
  - 1 in [0][3][7][10][20][22]
  - 2 in [0][3][7][10][22]
  - 12 in [0][3][7][10,11][20,22]
  - 3 in [0][3][9,10][22]
  - 9 in [0][3][9,11][22]
  - 26 in [0][3][10][22]
  - 12 in [0][3][10,11][22]
  - 2'388 in [0,3]
  - 3 in [1,2][4,5][12][14][20][22]
  - 12 in [1,2][4,5][12][14][22]
  - 4 in [1,2][4,5][12][22]
  - 1 in [1,2][4,5][12,13][22]
  - 3 in [1,2][4,5][12,14][22]
  - 9 in [1,2][4,6][12][14][20][22]
  - 3 in [1,2][4,6][12,14][16][20][22]
  - 4 in [1,2][5][12,13][22]
  - 12 in [1,2][5][12,14][22]
  - 9 in [1,2][5,6][12,14][16][18][20][22]
  - 3 in [1,2][5,6][12,14][16][18][22]
  - 9 in [2][4,5][9][12][14][20][22]
  - 9 in [2][4,5][9][12][14][22]
  - 3 in [2][4,5][9][12][22]
  - 3 in [2][4,5][9,10][14][20][22]
  - 3 in [2][4,5][9,10][14][22]
  - 1 in [2][4,5][9,10][22]
  - 9 in [2][5][7][9,11][20,22]
  - 4 in [2][5][7][20][22]
  - 12 in [2][5][7][20,22]
  - 16 in [2][5][8][12][17][19][22]
  - 4 in [2][5][8][12,13][17][22]
  - 3 in [2][5][8][12,13][22]
  - 9 in [2][5][8][12,14][22]
  - 12 in [2][5][8][17][19][22]
  - 7 in [2][5][9,10][22]
  - 9 in [2][5][9,11][14][20,22]
  - 9 in [2][5][9,11][14][22]
  - 3 in [2][5][9,11][20,22]
  - 12 in [2][5][9,11][22]
  - 3 in [2][5][15,17][19][22]
  - 8 in [2][5][15,17][22]
  - 12 in [2][5][15,18][22]
  - 12 in [2][5][15,19][22]
  - 20 in [2][5][17][19][22]
  - 24 in [2][5][20][22]
  - 12 in [2][5][20,22]
  - 3 in [2][5,6][8][12][15,19][22]
  - 9 in [2][5,6][8][12][16,19][22]
  - 3 in [2][5,6][8][12,13][16,18][22]
  - 9 in [2][5,6][8][12,14][16][18][22]
  - 9 in [2][5,6][8][15,19][22]
  - 4 in [2][5,6][15,17][22]
  - 12 in [2][5,6][15,18][22]
  - 9 in [2][5,6][16][18][20][22]
  - 12 in [2][5,6][16][18][22]
  - 7 in [2][5,6][16][20][22]
  - 4 in [2][5,6][16][22]
  - 4 in [2][5,6][16,17][22]
  - 12 in [2][5,6][16,18][22]
  - 12 in [2][5,6][20][22]
  - 3 in [2,3][5][7][9,11][20,22]
  - 1 in [2,3][5][9,10][22]
  - 3 in [2,3][5][9,11][22]
  - 9 in [3][5][7][9,11][20,22]
  - 3 in [3][5][9,10][22]
  - 9 in [3][5][9,11][22]
  - 15 in [3][10][22]
  - 4 in [5][7][20][22]
  - 12 in [5][7][20,22]
  - 12 in [5][15,17][19][22]
  - 16 in [5][15,17][22]
  - 16 in [5][17][19][22]
  - 7 in [7][20][22]
  - 21 in [7][20,22]
  - 9 in [16,17][19][22]
  - 12 in [16,17][22]
  - 12 in [17][19][22]
#kAtMostOne: 825 (#literals: 2'855)
#kBoolAnd: 2'181 (#enforced: 2'181 #multi: 411) (#literals: 7'830)
#kBoolOr: 169 (#literals: 507)
#kExactlyOne: 39 (#literals: 587)
#kLinear1: 6'695 (#enforced: 6'695)
#kLinear2: 935 (#enforced: 935)
#kLinear3: 177
#kLinearN: 647 (#terms: 4'586)
[Symmetry] Graph for symmetry has 28'292 nodes and 46'283 arcs.
[Symmetry] Symmetry computation done. time: 0.00766732 dtime: 0.0113157

Preloading model.
#Bound   0.52s best:inf   next:[0,661936] initial_domain
#Model   0.52s var:7732/7732 constraints:11668/11668

Starting search at 0.53s with 64 workers.
17 full problem subsolvers: [core, default_lp, lb_tree_search, max_lp, no_lp, objective_lb_search, objective_lb_search_max_lp, objective_lb_search_no_lp, objective_shaving_max_lp, objective_shaving_no_lp, probing, probing_max_lp, probing_no_lp, pseudo_costs, quick_restart, quick_restart_no_lp, reduced_costs]
47 first solution subsolvers: [fj(14), fj_lin(6), fs_random(7), fs_random_no_lp(7), fs_random_quick_restart(6), fs_random_quick_restart_no_lp(7)]
28 interleaved subsolvers: [feasibility_pump, graph_arc_lns, graph_cst_lns, graph_dec_lns, graph_var_lns, lb_relax_lns, ls(11), ls_lin(5), rins/rens, rnd_cst_lns, rnd_var_lns, variables_shaving, variables_shaving_max_lp, variables_shaving_no_lp]
3 helper subsolvers: [neighborhood_helper, synchronization_agent, update_gap_integral]

#Bound   0.67s best:inf   next:[21000,661936] am1_presolve (num_literals=1112 num_am1=21 increase=10500 work_done=8231)
#Bound   0.85s best:inf   next:[22000,661936] probing
#Bound   0.95s best:inf   next:[22022,661936] objective_lb_search
#Bound   0.96s best:inf   next:[22356,661936] objective_lb_search
#Bound   1.12s best:inf   next:[26684,661936] objective_lb_search
#Bound   2.00s best:inf   next:[28666,661936] max_lp
#Bound   2.62s best:inf   next:[37332,661936] lb_tree_search
#1       2.64s best:212220 next:[37332,212218] no_lp
#2       2.64s best:212178 next:[37332,212176] quick_restart_no_lp
#3       2.65s best:211986 next:[37332,211984] quick_restart_no_lp
#4       2.73s best:211794 next:[37332,211792] quick_restart_no_lp
#5       2.74s best:211242 next:[37332,211240] rnd_cst_lns (d=5.00e-01 s=341 t=0.10 p=0.00 stall=0 h=base)
#6       2.74s best:211050 next:[37332,211048] rnd_cst_lns (d=5.00e-01 s=341 t=0.10 p=0.00 stall=0 h=base) [combined with: quick_restart_no_lp...]
#7       2.75s best:210050 next:[37332,210048] ls_restart_perturb(batch:1 lin{mvs:3 evals:426} #w_updates:0 #perturb:0)
#8       2.75s best:210008 next:[37332,210006] ls_restart_decay_compound_perturb(batch:1 lin{mvs:0 evals:5'125} gen{mvs:79 evals:0} comp{mvs:9 btracks:35} #w_updates:1 #perturb:0)
#9       2.76s best:209858 next:[37332,209856] ls_lin_restart_decay_compound_perturb(batch:1 lin{mvs:0 evals:8'537} gen{mvs:141 evals:0} comp{mvs:15 btracks:63} #w_updates:2 #perturb:0)
#10      2.76s best:209816 next:[37332,209814] ls_restart_compound(batch:1 lin{mvs:0 evals:11'942} gen{mvs:205 evals:0} comp{mvs:15 btracks:95} #w_updates:3 #perturb:0) [combined with: ls_lin_restart_decay...]
#11      2.76s best:209774 next:[37332,209772] ls_lin_restart_decay_compound(batch:1 lin{mvs:0 evals:9'328} gen{mvs:135 evals:0} comp{mvs:13 btracks:61} #w_updates:3 #perturb:0) [combined with: ls_restart_compound(...]
#12      2.76s best:209732 next:[37332,209730] ls_restart_decay_compound(batch:1 lin{mvs:0 evals:10'747} gen{mvs:185 evals:0} comp{mvs:17 btracks:84} #w_updates:3 #perturb:0) [combined with: ls_lin_restart_decay...]
#13      2.76s best:209690 next:[37332,209688] ls_lin_restart_decay_compound_perturb(batch:1 lin{mvs:0 evals:3'913} gen{mvs:61 evals:0} comp{mvs:9 btracks:26} #w_updates:1 #perturb:0)
#14      2.76s best:208732 next:[37332,208730] ls_restart_perturb(batch:1 lin{mvs:116 evals:1'652} #w_updates:82 #perturb:0)
#15      2.77s best:208690 next:[37332,208688] ls_restart_perturb(batch:1 lin{mvs:116 evals:1'652} #w_updates:82 #perturb:0) [combined with: ls_lin_restart_decay...]
#16      2.77s best:207690 next:[37332,207688] ls_restart_decay_perturb(batch:1 lin{mvs:3 evals:419} #w_updates:0 #perturb:0)
#17      2.77s best:207648 next:[37332,207646] ls_lin_restart_decay_compound(batch:1 lin{mvs:0 evals:420} gen{mvs:3 evals:0} comp{mvs:3 btracks:0} #w_updates:0 #perturb:0)
#18      2.78s best:206892 next:[37332,206890] quick_restart_no_lp
#19      2.80s best:206136 next:[37332,206134] quick_restart_no_lp
#20      2.80s best:205210 next:[37332,205208] rnd_var_lns (d=7.07e-01 s=381 t=0.10 p=1.00 stall=1 h=base)
#21      2.80s best:204290 next:[37332,204288] graph_cst_lns (d=5.00e-01 s=344 t=0.10 p=0.00 stall=0 h=base)
#22      2.80s best:199450 next:[37332,199448] graph_cst_lns (d=5.00e-01 s=344 t=0.10 p=0.00 stall=0 h=base) [combined with: rnd_var_lns (d=7.07e...]
#23      2.81s best:177454 next:[37332,177452] rins_lp_lns (d=5.00e-01 s=389 t=0.10 p=0.00 stall=0 h=base)
#24      2.81s best:176220 next:[37332,176218] rins_lp_lns (d=5.00e-01 s=389 t=0.10 p=0.00 stall=0 h=base) [combined with: graph_cst_lns (d=5.0...]
#25      2.81s best:174878 next:[37332,174876] graph_var_lns (d=5.00e-01 s=342 t=0.10 p=0.00 stall=0 h=base) [combined with: rins_lp_lns (d=5.00e...]
#26      2.84s best:174836 next:[37332,174834] ls_restart_compound_perturb(batch:1 lin{mvs:0 evals:31'479} gen{mvs:705 evals:0} comp{mvs:49 btracks:328} #w_updates:13 #perturb:0)
#27      2.85s best:174452 next:[37332,174450] ls_restart_compound(batch:1 lin{mvs:0 evals:15'325} gen{mvs:320 evals:0} comp{mvs:24 btracks:148} #w_updates:6 #perturb:0)
#28      2.86s best:174410 next:[37332,174408] ls_restart_compound(batch:1 lin{mvs:0 evals:1'591} gen{mvs:21 evals:0} comp{mvs:7 btracks:7} #w_updates:0 #perturb:0)
#29      2.96s best:174218 next:[37332,174216] ls_restart_decay_compound_perturb(batch:1 lin{mvs:0 evals:253'599} gen{mvs:5'090 evals:0} comp{mvs:384 btracks:2'353} #w_updates:105 #perturb:0)
#Bound   2.96s best:174218 next:[37998,174216] lb_tree_search
#30      2.97s best:171918 next:[37998,171916] rnd_cst_lns (d=8.14e-01 s=438 t=0.10 p=1.00 stall=0 h=base)
#31      2.97s best:171876 next:[37998,171874] rnd_cst_lns (d=8.14e-01 s=438 t=0.10 p=1.00 stall=0 h=base) [combined with: ls_restart_decay_com...]
#32      2.98s best:170918 next:[37998,170916] ls_restart_compound(batch:1 lin{mvs:0 evals:359} gen{mvs:9 evals:0} comp{mvs:3 btracks:3} #w_updates:0 #perturb:0)
#33      2.98s best:170876 next:[37998,170874] ls_restart_compound(batch:1 lin{mvs:0 evals:359} gen{mvs:9 evals:0} comp{mvs:3 btracks:3} #w_updates:0 #perturb:0) [combined with: rnd_cst_lns (d=8.14e...]
#34      3.01s best:169566 next:[37998,169564] graph_arc_lns (d=2.93e-01 s=475 t=0.10 p=0.00 stall=0 h=base)
#35      3.01s best:166416 next:[37998,166414] graph_arc_lns (d=2.93e-01 s=475 t=0.10 p=0.00 stall=0 h=base) [combined with: ls_restart_compound(...]
#36      3.19s best:166224 next:[37998,166222] quick_restart_no_lp
#37      3.20s best:166032 next:[37998,166030] graph_var_lns (d=8.14e-01 s=439 t=0.10 p=1.00 stall=0 h=base) [combined with: quick_restart_no_lp...]
#38      3.20s best:165840 next:[37998,165838] graph_var_lns (d=5.97e-01 s=515 t=0.10 p=0.50 stall=0 h=base) [combined with: graph_var_lns (d=8.1...]
#39      3.21s best:164840 next:[37998,164838] graph_dec_lns (d=9.14e-01 s=433 t=0.10 p=1.00 stall=0 h=base) [combined with: graph_var_lns (d=5.9...]
#40      3.31s best:163840 next:[37998,163838] quick_restart_no_lp
#41      3.31s best:163798 next:[37998,163796] graph_cst_lns (d=5.97e-01 s=523 t=0.10 p=0.50 stall=0 h=base) [combined with: quick_restart_no_lp...]
#42      3.31s best:162840 next:[37998,162838] ls_lin_restart(batch:1 lin{mvs:3 evals:335} #w_updates:0 #perturb:0)
#43      3.31s best:162798 next:[37998,162796] ls_lin_restart(batch:1 lin{mvs:3 evals:335} #w_updates:0 #perturb:0) [combined with: graph_cst_lns (d=5.9...]
#44      3.33s best:162648 next:[37998,162646] graph_cst_lns (d=2.32e-01 s=574 t=0.10 p=0.29 stall=0 h=base)
#45      3.33s best:162606 next:[37998,162604] ls_lin_restart_compound_perturb(batch:1 lin{mvs:0 evals:12'830} gen{mvs:295 evals:0} comp{mvs:21 btracks:137} #w_updates:5 #perturb:0)
#46      3.34s best:162414 next:[37998,162412] graph_cst_lns (d=2.32e-01 s=573 t=0.10 p=0.29 stall=0 h=base)
#Bound   3.37s best:162414 next:[41332,162412] lb_tree_search
#47      3.39s best:162222 next:[41332,162220] graph_cst_lns (d=4.07e-01 s=584 t=0.10 p=0.44 stall=0 h=base)
#48      3.39s best:160644 next:[41332,160642] graph_arc_lns (d=6.41e-01 s=495 t=0.10 p=0.67 stall=0 h=base)
#49      3.41s best:160452 next:[41332,160450] quick_restart_no_lp
#50      3.42s best:160410 next:[41332,160408] graph_dec_lns (d=9.14e-01 s=517 t=0.10 p=1.00 stall=0 h=base) [combined with: quick_restart_no_lp...]
#51      3.45s best:159410 next:[41332,159408] quick_restart_no_lp
#52      3.45s best:158410 next:[41332,158408] ls_restart(batch:1 lin{mvs:3 evals:336} #w_updates:0 #perturb:0)
#53      3.47s best:158218 next:[41332,158216] ls_restart_compound(batch:1 lin{mvs:0 evals:47'965} gen{mvs:1'071 evals:0} comp{mvs:71 btracks:500} #w_updates:22 #perturb:0)
#54      3.48s best:158026 next:[41332,158024] ls_restart_decay_compound_perturb(batch:1 lin{mvs:0 evals:15'096} gen{mvs:353 evals:0} comp{mvs:27 btracks:163} #w_updates:7 #perturb:0)
#55      3.50s best:157270 next:[41332,157268] quick_restart_no_lp
#56      3.55s best:156886 next:[41332,156884] graph_var_lns (d=4.47e-01 s=638 t=0.10 p=0.45 stall=4 h=base) [combined with: quick_restart_no_lp...]
#57      3.55s best:156598 next:[41332,156596] graph_cst_lns (d=6.35e-01 s=612 t=0.10 p=0.55 stall=0 h=base) [combined with: quick_restart_no_lp...]
#58      3.57s best:156406 next:[41332,156404] quick_restart_no_lp
#59      3.58s best:156214 next:[41332,156212] graph_var_lns (d=4.47e-01 s=643 t=0.10 p=0.45 stall=4 h=base) [combined with: quick_restart_no_lp...]
#60      3.65s best:155458 next:[41332,155456] graph_cst_lns (d=6.35e-01 s=607 t=0.10 p=0.55 stall=0 h=base) [combined with: graph_arc_lns (d=3.6...]
#61      3.69s best:155256 next:[41332,155254] graph_cst_lns (d=6.35e-01 s=617 t=0.10 p=0.55 stall=0 h=base)
#Bound   3.69s best:155256 next:[41354,155254] probing_max_lp
#Bound   3.77s best:155256 next:[45164,155254] lb_tree_search
#62      3.79s best:153426 next:[45164,153424] graph_arc_lns (d=4.85e-01 s=692 t=0.10 p=0.50 stall=1 h=base)
#63      3.79s best:152468 next:[45164,152466] graph_arc_lns (d=4.85e-01 s=692 t=0.10 p=0.50 stall=1 h=base) [combined with: graph_var_lns (d=6.5...]
#64      3.83s best:152426 next:[45164,152424] quick_restart_no_lp
#65      3.86s best:152384 next:[45164,152382] ls_restart_compound_perturb(batch:1 lin{mvs:0 evals:50'275} gen{mvs:1'157 evals:0} comp{mvs:87 btracks:535} #w_updates:24 #perturb:0)
#66      3.89s best:151486 next:[45164,151484] graph_var_lns (d=7.29e-01 s=693 t=0.10 p=0.56 stall=1 h=base)
#67      3.94s best:149990 next:[45164,149988] graph_var_lns (d=7.29e-01 s=675 t=0.10 p=0.57 stall=0 h=base) [combined with: graph_var_lns (d=7.2...]
#68      3.95s best:148234 next:[45164,148232] rnd_var_lns (d=8.72e-01 s=721 t=0.10 p=0.64 stall=3 h=base) [combined with: graph_var_lns (d=7.2...]
#69      3.95s best:147234 next:[45164,147232] ls_restart_decay_compound(batch:1 lin{mvs:0 evals:1'302} gen{mvs:23 evals:0} comp{mvs:7 btracks:8} #w_updates:0 #perturb:0)
#70      3.96s best:146478 next:[45164,146476] ls_restart_compound(batch:1 lin{mvs:0 evals:1'629} gen{mvs:39 evals:0} comp{mvs:5 btracks:17} #w_updates:0 #perturb:0)
#71      3.97s best:145478 next:[45164,145476] quick_restart_no_lp
#72      3.98s best:145286 next:[45164,145284] ls_restart_compound_perturb(batch:1 lin{mvs:0 evals:18'923} gen{mvs:470 evals:0} comp{mvs:38 btracks:216} #w_updates:9 #perturb:0)
#73      3.99s best:141582 next:[45164,141580] graph_var_lns (d=7.29e-01 s=676 t=0.10 p=0.57 stall=0 h=base) [combined with: ls_restart_compound_...]
#74      4.04s best:140826 next:[45164,140824] quick_restart_no_lp
#75      4.06s best:140784 next:[45164,140782] graph_dec_lns (d=8.38e-01 s=755 t=0.10 p=0.60 stall=0 h=base) [combined with: quick_restart_no_lp...]
#76      4.19s best:140028 next:[45164,140026] quick_restart_no_lp
#Bound   4.22s best:140028 next:[47030,140026] lb_tree_search
#77      4.22s best:139836 next:[47030,139834] graph_dec_lns (d=8.75e-01 s=809 t=0.10 p=0.64 stall=0 h=base)
#78      4.28s best:138836 next:[47030,138834] quick_restart_no_lp
#79      4.28s best:138644 next:[47030,138642] graph_dec_lns (d=8.75e-01 s=820 t=0.10 p=0.64 stall=0 h=base)
#80      4.40s best:137644 next:[47030,137642] graph_dec_lns (d=8.75e-01 s=812 t=0.10 p=0.64 stall=0 h=base) [combined with: graph_dec_lns (d=8.7...]
#81      4.41s best:137452 next:[47030,137450] quick_restart_no_lp
#82      4.45s best:136248 next:[47030,136246] graph_arc_lns (d=4.91e-01 s=836 t=0.10 p=0.50 stall=0 h=base)
#83      4.48s best:135248 next:[47030,135246] ls_restart_decay_compound_perturb(batch:1 lin{mvs:0 evals:1'829} gen{mvs:59 evals:0} comp{mvs:5 btracks:27} #w_updates:1 #perturb:0)
#84      4.50s best:135056 next:[47030,135054] quick_restart_no_lp
#85      4.52s best:134300 next:[47030,134298] rnd_var_lns (d=9.50e-01 s=802 t=0.10 p=0.73 stall=0 h=base) [combined with: quick_restart_no_lp...]
#86      4.54s best:134108 next:[47030,134106] quick_restart_no_lp
#87      4.54s best:133916 next:[47030,133914] graph_dec_lns (d=8.75e-01 s=844 t=0.10 p=0.64 stall=0 h=base) [combined with: quick_restart_no_lp...]
#Bound   4.55s best:133916 next:[47526,133914] probing_max_lp
#88      4.58s best:133832 next:[47526,133830] graph_arc_lns (d=3.81e-01 s=926 t=0.10 p=0.45 stall=0 h=base) [combined with: graph_arc_lns (d=3.8...]
#89      4.59s best:133724 next:[47526,133722] graph_arc_lns (d=3.81e-01 s=912 t=0.10 p=0.45 stall=0 h=base) [combined with: graph_arc_lns (d=3.8...]
#90      4.63s best:133384 next:[47526,133382] graph_arc_lns (d=3.81e-01 s=913 t=0.10 p=0.45 stall=0 h=base)
#91      4.64s best:132628 next:[47526,132626] quick_restart_no_lp
#92      4.65s best:132340 next:[47526,132338] graph_arc_lns (d=3.81e-01 s=934 t=0.10 p=0.45 stall=0 h=base) [combined with: quick_restart_no_lp...]
#93      4.66s best:131340 next:[47526,131338] quick_restart_no_lp
#94      4.67s best:131148 next:[47526,131146] quick_restart_no_lp
#95      4.68s best:130956 next:[47526,130954] quick_restart_no_lp
#96      4.69s best:129998 next:[47526,129996] rnd_cst_lns (d=8.81e-01 s=881 t=0.10 p=0.64 stall=0 h=base) [combined with: quick_restart_no_lp...]
#97      4.72s best:129956 next:[47526,129954] ls_restart_compound_perturb(batch:1 lin{mvs:0 evals:11'270} gen{mvs:279 evals:0} comp{mvs:21 btracks:129} #w_updates:5 #perturb:0)
#Bound   4.74s best:129956 next:[49406,129954] lb_tree_search
#98      5.02s best:129764 next:[49406,129762] quick_restart_no_lp
#99      5.08s best:129712 next:[49406,129710] graph_arc_lns (d=8.33e-01 s=996 t=0.10 p=0.63 stall=0 h=base) [combined with: quick_restart_no_lp...]
#100     5.09s best:128712 next:[49406,128710] ls_lin_restart(batch:1 lin{mvs:3 evals:298} #w_updates:0 #perturb:0)
#101     5.11s best:127956 next:[49406,127954] quick_restart_no_lp
#102     5.13s best:127738 next:[49406,127736] graph_arc_lns (d=8.63e-01 s=982 t=0.10 p=0.67 stall=0 h=base)
#103     5.13s best:125738 next:[49406,125736] graph_arc_lns (d=8.63e-01 s=982 t=0.10 p=0.67 stall=0 h=base) [combined with: quick_restart_no_lp...]
#104     5.14s best:124738 next:[49406,124736] ls_lin_restart_compound(batch:1 lin{mvs:0 evals:310} gen{mvs:9 evals:0} comp{mvs:3 btracks:3} #w_updates:0 #perturb:0)
#105     5.15s best:123982 next:[49406,123980] quick_restart_no_lp
#106     5.16s best:123940 next:[49406,123938] quick_restart_no_lp
#107     5.19s best:123748 next:[49406,123746] quick_restart_no_lp
#108     5.24s best:123556 next:[49406,123554] graph_cst_lns (d=3.84e-01 s=1122 t=0.10 p=0.47 stall=6 h=base)
#Bound   5.27s best:123556 next:[52110,123554] lb_tree_search
#109     5.37s best:122800 next:[52110,122798] quick_restart_no_lp
#110     5.50s best:122108 next:[52110,122106] graph_cst_lns (d=6.93e-01 s=1139 t=0.10 p=0.54 stall=0 h=base) [combined with: graph_cst_lns (d=5.8...]
#111     5.52s best:115836 next:[52110,115834] rins_lp_lns (d=2.72e-01 s=1209 t=0.10 p=0.33 stall=0 h=base)
#112     5.54s best:115794 next:[52110,115792] ls_lin_restart_compound(batch:1 lin{mvs:0 evals:12'354} gen{mvs:305 evals:0} comp{mvs:25 btracks:140} #w_updates:6 #perturb:0)
#113     5.62s best:115602 next:[52110,115600] rins_lp_lns (d=5.84e-01 s=1232 t=0.10 p=0.43 stall=1 h=base)
#114     5.71s best:114794 next:[52110,114792] rins_lp_lns (d=6.93e-01 s=1246 t=0.10 p=0.46 stall=3 h=base)
#115     5.73s best:114752 next:[52110,114750] ls_restart_compound_perturb(batch:1 lin{mvs:0 evals:753} gen{mvs:13 evals:0} comp{mvs:5 btracks:4} #w_updates:0 #perturb:0)
#Bound   5.78s best:114752 next:[54784,114750] lb_tree_search
#116     5.79s best:114560 next:[54784,114558] rnd_var_lns (d=7.30e-01 s=1292 t=0.10 p=0.49 stall=3 h=base)
#117     6.04s best:114518 next:[54784,114516] rnd_var_lns (d=8.73e-01 s=1310 t=0.10 p=0.54 stall=3 h=base)
#Bound   6.19s best:114518 next:[54818,114516] probing_max_lp
#118     6.22s best:114410 next:[54818,114408] rnd_var_lns (d=9.17e-01 s=1320 t=0.10 p=0.57 stall=0 h=base)
#119     6.31s best:114368 next:[54818,114366] quick_restart_no_lp
#Bound   6.32s best:114368 next:[54822,114366] lb_tree_search
#120     6.35s best:114260 next:[54822,114258] graph_dec_lns (d=8.59e-01 s=1432 t=0.10 p=0.54 stall=13 h=base) [combined with: quick_restart_no_lp...]
#121     6.37s best:114218 next:[54822,114216] ls_restart_compound_perturb(batch:1 lin{mvs:0 evals:6'701} gen{mvs:153 evals:0} comp{mvs:13 btracks:70} #w_updates:4 #perturb:0)
#122     6.39s best:114176 next:[54822,114174] ls_restart_decay_compound(batch:1 lin{mvs:0 evals:25'844} gen{mvs:637 evals:0} comp{mvs:49 btracks:294} #w_updates:14 #perturb:0)
#123     6.40s best:113176 next:[54822,113174] quick_restart_no_lp
#124     6.52s best:113134 next:[54822,113132] graph_arc_lns (d=2.22e-01 s=1544 t=0.10 p=0.44 stall=10 h=base)
#Bound   6.68s best:113134 next:[54864,113132] probing_max_lp
#Bound   6.86s best:113134 next:[54886,113132] lb_tree_search
#Bound   7.18s best:113134 next:[54918,113132] probing_max_lp
#125     7.39s best:113050 next:[54918,113048] graph_arc_lns (d=4.39e-01 s=1705 t=0.10 p=0.50 stall=1 h=base)
#Bound   7.70s best:113050 next:[54976,113048] probing_max_lp
#126     7.94s best:113008 next:[54976,113006] graph_var_lns (d=6.90e-01 s=1919 t=0.10 p=0.54 stall=6 h=base)
#127     7.98s best:112898 next:[54976,112896] graph_var_lns (d=6.52e-01 s=1918 t=0.10 p=0.52 stall=4 h=base)
#128     7.98s best:112856 next:[54976,112854] graph_var_lns (d=6.52e-01 s=1918 t=0.10 p=0.52 stall=4 h=base) [combined with: graph_var_lns (d=6.9...]
#Bound   8.18s best:112856 next:[55012,112854] probing_max_lp
#Bound   8.70s best:112856 next:[55044,112854] probing_max_lp
#Bound   9.03s best:112856 next:[55100,112854] probing_max_lp
#129     9.37s best:111862 next:[55100,111860] graph_arc_lns (d=5.73e-01 s=2246 t=0.10 p=0.52 stall=1 h=base)
#130     9.39s best:110024 next:[55100,110022] graph_arc_lns (d=5.73e-01 s=2248 t=0.10 p=0.52 stall=1 h=base)
#131     9.40s best:109704 next:[55100,109702] graph_arc_lns (d=5.73e-01 s=2230 t=0.10 p=0.52 stall=1 h=base)
#132     9.43s best:107690 next:[55100,107688] rins_lp_lns (d=5.40e-01 s=2317 t=0.10 p=0.45 stall=3 h=base)
#Bound   9.51s best:107690 next:[55164,107688] probing_max_lp
#Bound  10.07s best:107690 next:[55184,107688] probing_max_lp
#133    10.16s best:106116 next:[55184,106114] graph_cst_lns (d=6.81e-01 s=2516 t=0.10 p=0.53 stall=30 h=base)
#134    10.17s best:105360 next:[55184,105358] quick_restart_no_lp
#135    10.18s best:105168 next:[55184,105166] ls_lin_restart_decay_compound_perturb(batch:1 lin{mvs:0 evals:30'692} gen{mvs:735 evals:0} comp{mvs:53 btracks:341} #w_updates:16 #perturb:0) [combined with: quick_restart_no_lp...]
#136    10.20s best:104976 next:[55184,104974] quick_restart_no_lp
#Bound  10.70s best:104976 next:[55218,104974] probing_max_lp
#Bound  11.16s best:104976 next:[55264,104974] probing_max_lp
#137    11.26s best:103908 next:[55264,103906] graph_arc_lns (d=3.09e-01 s=2886 t=0.10 p=0.49 stall=21 h=base)
#138    11.28s best:103152 next:[55264,103150] quick_restart_no_lp
#Bound  11.75s best:103152 next:[55308,103150] probing_max_lp
#Bound  12.37s best:103152 next:[55332,103150] probing_max_lp
#139    12.53s best:103110 next:[55332,103108] graph_var_lns (d=1.09e-01 s=3301 t=0.10 p=0.42 stall=34 h=stalling)
#Bound  12.94s best:103110 next:[55352,103108] probing_max_lp
#Bound  13.56s best:103110 next:[55386,103108] probing_max_lp
#Bound  14.39s best:103110 next:[55436,103108] probing_max_lp
#140    14.40s best:103092 next:[55436,103090] quick_restart_no_lp
#141    14.42s best:103050 next:[55436,103048] ls_restart_compound(batch:1 lin{mvs:0 evals:3'982} gen{mvs:91 evals:0} comp{mvs:11 btracks:40} #w_updates:2 #perturb:0)
#142    14.49s best:102858 next:[55436,102856] quick_restart_no_lp
#143    14.98s best:102666 next:[55436,102664] graph_arc_lns (d=3.96e-01 s=3948 t=0.10 p=0.50 stall=23 h=base)
#Bound  15.06s best:102666 next:[55502,102664] probing_max_lp
#144    15.08s best:102582 next:[55502,102580] graph_cst_lns (d=6.97e-01 s=3972 t=0.10 p=0.52 stall=7 h=base) [combined with: graph_arc_lns (d=3.6...]
#Bound  15.82s best:102582 next:[55562,102580] probing_max_lp [skipped_logs=0]
#Bound  16.53s best:102582 next:[55610,102580] probing_max_lp [skipped_logs=0]
#Bound  17.93s best:102582 next:[55670,102580] probing_max_lp [skipped_logs=1]
#Bound  18.72s best:102582 next:[55702,102580] probing_max_lp [skipped_logs=0]
#145    19.63s best:102456 next:[55716,102454] graph_var_lns (d=6.84e-01 s=5283 t=0.10 p=0.52 stall=1 h=base)
#Bound  19.51s best:102582 next:[55716,102580] probing_max_lp [skipped_logs=0]
#146    20.67s best:102440 next:[55742,102438] graph_arc_lns (d=3.78e-01 s=5654 t=0.10 p=0.50 stall=49 h=base)
#Bound  20.36s best:102456 next:[55742,102454] probing_max_lp [skipped_logs=0]
#147    21.87s best:101768 next:[55762,101766] graph_arc_lns (d=7.55e-01 s=5898 t=0.10 p=0.53 stall=12 h=base)
#Bound  21.20s best:102440 next:[55762,102438] probing_max_lp [skipped_logs=0]
#148    22.13s best:101180 next:[55778,101178] graph_arc_lns (d=7.23e-01 s=5966 t=0.10 p=0.53 stall=1 h=base)
#149    22.15s best:99180 next:[55778,99178] ls_restart_compound_perturb(batch:1 lin{mvs:0 evals:936} gen{mvs:42 evals:0} comp{mvs:6 btracks:18} #w_updates:0 #perturb:0)
#150    22.18s best:98988 next:[55778,98986] quick_restart_no_lp
#151    22.20s best:98232 next:[55778,98230] quick_restart_no_lp
#Bound  22.71s best:98232 next:[55804,98230] probing_max_lp [skipped_logs=1]
#Bound  25.25s best:98232 next:[56000,98230] bool_core (num_cores=35 [size:7 mw:500 d:10] a=928 d=10 fixed=0/5770 clauses=26'416)
#152    26.57s best:97464 next:[56000,97462] rins_lp_lns (d=5.76e-01 s=7285 t=0.10 p=0.48 stall=9 h=base)
#Bound  27.19s best:97464 next:[57000,97462] bool_core (num_cores=36 [size:13 mw:500 d:11] a=916 d=11 fixed=0/5802 clauses=28'537)
#Bound  30.13s best:97464 next:[58000,97462] bool_core (num_cores=37 [size:18 mw:500 d:12] a=899 d=12 fixed=0/5852 clauses=35'444)
#153    30.23s best:97382 next:[58000,97380] lb_relax_lns_int_h (d=8.80e-01 s=6246 t=0.50 p=0.80 stall=2 h=base)
#154    32.29s best:97298 next:[58000,97296] graph_cst_lns (d=7.46e-01 s=8932 t=0.11 p=0.52 stall=24 h=base)
#Bound  33.61s best:97298 next:[59000,97296] bool_core (num_cores=38 [size:22 mw:500 d:13] a=878 d=13 fixed=0/5916 clauses=41'195)
#155    33.97s best:97130 next:[59000,97128] graph_var_lns (d=6.82e-01 s=9515 t=0.10 p=0.51 stall=6 h=base)
#156    34.66s best:93834 next:[59000,93832] graph_arc_lns (d=5.27e-01 s=9694 t=0.10 p=0.51 stall=30 h=base)
#157    34.71s best:93642 next:[59000,93640] quick_restart_no_lp
#158    34.71s best:93450 next:[59000,93448] quick_restart_no_lp
#159    35.70s best:90586 next:[59000,90584] graph_var_lns (d=6.97e-01 s=10016 t=0.10 p=0.51 stall=5 h=base)
#160    37.66s best:90244 next:[59000,90242] graph_arc_lns (d=2.53e-01 s=10676 t=0.10 p=0.49 stall=7 h=base)
#161    37.66s best:90202 next:[59000,90200] ls_restart_decay_compound_perturb(batch:1 lin{mvs:0 evals:5'363} gen{mvs:147 evals:0} comp{mvs:13 btracks:67} #w_updates:3 #perturb:0)
#162    37.91s best:90010 next:[59000,90008] graph_arc_lns (d=3.79e-01 s=10758 t=0.10 p=0.50 stall=5 h=base)
#Bound  45.75s best:90010 next:[60000,90008] bool_core (num_cores=39 [size:67 mw:500 d:14] a=812 d=14 fixed=0/6039 clauses=51'937)
#163    47.88s best:89968 next:[60000,89966] graph_arc_lns (d=3.73e-01 s=13764 t=0.11 p=0.50 stall=6 h=base)
#164    47.89s best:89926 next:[60000,89924] ls_restart_compound(batch:1 lin{mvs:0 evals:11'075} gen{mvs:313 evals:0} comp{mvs:21 btracks:146} #w_updates:7 #perturb:0)
#165    59.27s best:89350 next:[60000,89348] graph_arc_lns (d=4.35e-01 s=17088 t=0.11 p=0.50 stall=13 h=base)
#Bound  63.58s best:89350 next:[61000,89348] bool_core (num_cores=40 [size:83 mw:500 d:15] a=730 d=15 fixed=0/6229 clauses=58'151)
#166    77.25s best:89008 next:[61000,89006] lb_relax_lns_bool_h (d=8.73e-01 s=19759 t=0.50 p=0.72 stall=3 h=base)
#167    77.27s best:88966 next:[61000,88964] quick_restart_no_lp
#168    77.28s best:88774 next:[61000,88772] quick_restart_no_lp
#169    78.90s best:88648 next:[61000,88646] rins_pump_lns (d=7.14e-01 s=21679 t=0.10 p=0.50 stall=0 h=base)
#170    93.03s best:88456 next:[61000,88454] graph_arc_lns (d=4.00e-01 s=25646 t=0.11 p=0.50 stall=25 h=base)
#Bound  98.15s best:88456 next:[62000,88454] bool_core (num_cores=41 [size:18 mw:500 d:16] a=713 d=16 fixed=0/6399 clauses=76'524)
#171   107.62s best:88072 next:[62000,88070] graph_arc_lns (d=5.01e-01 s=29977 t=0.11 p=0.50 stall=0 h=base)
#172   109.73s best:87862 next:[62000,87860] graph_arc_lns (d=3.33e-01 s=30758 t=0.11 p=0.50 stall=13 h=base)
#173   110.95s best:87712 next:[62000,87710] rnd_var_lns (d=8.46e-01 s=31162 t=0.11 p=0.50 stall=19 h=base)
#174   110.96s best:87670 next:[62000,87668] quick_restart_no_lp
#175   110.97s best:87478 next:[62000,87476] quick_restart_no_lp
#176   110.99s best:87286 next:[62000,87284] quick_restart_no_lp
#177   113.66s best:87094 next:[62000,87092] graph_arc_lns (d=3.43e-01 s=31939 t=0.11 p=0.50 stall=7 h=base)
#Bound 116.37s best:87094 next:[63000,87092] bool_core (num_cores=42 [size:3 mw:500 d:17] a=711 d=17 fixed=0/6527 clauses=91'812)
#178   118.29s best:87010 next:[63000,87008] graph_arc_lns (d=3.20e-01 s=33352 t=0.11 p=0.50 stall=12 h=base)
#Bound 128.85s best:87010 next:[64000,87008] bool_core (num_cores=43 [size:16 mw:500 d:18] a=696 d=18 fixed=0/6641 clauses=95'279)
#179   133.31s best:86968 next:[64000,86966] rins_lp_lns (d=5.00e-01 s=37582 t=0.10 p=0.49 stall=7 h=base)
#180   134.83s best:84968 next:[64000,84966] rins_lp_lns (d=5.97e-01 s=38000 t=0.10 p=0.50 stall=6 h=base)
#Bound 187.99s best:84968 next:[65000,84966] bool_core (num_cores=44 [size:39 mw:500 d:19] a=658 d=19 fixed=0/6771 clauses=124'055)
#Bound 216.75s best:84968 next:[66000,84966] bool_core (num_cores=45 [size:3 mw:500 d:20] a=656 d=20 fixed=0/6893 clauses=140'377)
#Bound 227.67s best:84968 next:[67000,84966] bool_core (num_cores=46 [size:7 mw:500 d:21] a=650 d=21 fixed=0/6996 clauses=138'863)
#Bound 259.35s best:84968 next:[68000,84966] bool_core (num_cores=47 [size:1 mw:500] a=650 d=21 fixed=0/7085 clauses=155'593)

Task timing                                n [     min,      max]      avg      dev     time         n [     min,      max]      avg      dev    dtime
                           'core':         1 [   4.99m,    4.99m]    4.99m   0.00ns    4.99m         0 [  0.00ns,   0.00ns]   0.00ns   0.00ns   0.00ns
                     'default_lp':         1 [   4.99m,    4.99m]    4.99m   0.00ns    4.99m         0 [  0.00ns,   0.00ns]   0.00ns   0.00ns   0.00ns
               'feasibility_pump':       877 [ 48.16ms,    1.88s] 339.72ms 372.60ms    4.97m       876 [ 48.90ms,    1.37s] 174.99ms 232.89ms    2.55m
                             'fj':        12 [113.35ms, 170.50ms] 143.60ms  16.71ms    1.72s        12 [100.01ms, 100.12ms] 100.06ms  43.91us    1.20s
                             'fj':        12 [115.03ms, 172.82ms] 138.51ms  15.19ms    1.66s        12 [100.01ms, 100.12ms] 100.04ms  37.35us    1.20s
                             'fj':        12 [117.98ms, 204.95ms] 145.95ms  20.94ms    1.75s        12 [100.01ms, 100.12ms] 100.05ms  42.85us    1.20s
                             'fj':        12 [118.51ms, 207.65ms] 145.18ms  22.76ms    1.74s        12 [100.01ms, 100.13ms] 100.07ms  42.15us    1.20s
                             'fj':        12 [121.79ms, 176.19ms] 143.49ms  17.84ms    1.72s        12 [100.01ms, 100.09ms] 100.06ms  29.42us    1.20s
                             'fj':        12 [124.64ms, 172.66ms] 144.00ms  14.69ms    1.73s        12 [100.01ms, 100.12ms] 100.05ms  41.80us    1.20s
                             'fj':        12 [124.67ms, 165.77ms] 138.97ms  10.62ms    1.67s        12 [100.01ms, 100.12ms] 100.08ms  43.70us    1.20s
                             'fj':        12 [125.30ms, 166.00ms] 140.17ms  11.08ms    1.68s        12 [100.01ms, 100.13ms] 100.07ms  42.31us    1.20s
                             'fj':        13 [100.79ms, 179.15ms] 134.64ms  19.01ms    1.75s        13 [100.00ms, 100.12ms] 100.05ms  40.80us    1.30s
                             'fj':        13 [106.93ms, 168.61ms] 137.26ms  14.68ms    1.78s        13 [100.02ms, 100.12ms] 100.08ms  37.96us    1.30s
                             'fj':        13 [108.08ms, 174.52ms] 135.02ms  19.72ms    1.76s        13 [100.01ms, 100.12ms] 100.07ms  43.81us    1.30s
                             'fj':        13 [112.03ms, 164.17ms] 132.51ms  13.94ms    1.72s        13 [100.01ms, 100.12ms] 100.05ms  45.22us    1.30s
                             'fj':        13 [112.63ms, 168.00ms] 136.36ms  12.99ms    1.77s        13 [100.01ms, 100.12ms] 100.08ms  30.86us    1.30s
                             'fj':        13 [116.89ms, 152.87ms] 132.32ms  11.73ms    1.72s        13 [100.01ms, 100.13ms] 100.05ms  46.39us    1.30s
                         'fj_lin':        12 [126.44ms, 167.55ms] 142.93ms  12.22ms    1.72s        12 [100.01ms, 100.12ms] 100.06ms  38.04us    1.20s
                         'fj_lin':        13 [112.59ms, 179.07ms] 135.53ms  20.00ms    1.76s        13 [100.01ms, 100.12ms] 100.07ms  40.60us    1.30s
                         'fj_lin':        13 [113.75ms, 169.18ms] 132.08ms  16.55ms    1.72s        13 [100.01ms, 100.12ms] 100.06ms  44.78us    1.30s
                         'fj_lin':        13 [116.69ms, 156.61ms] 136.24ms  10.59ms    1.77s        13 [100.01ms, 100.12ms] 100.07ms  39.71us    1.30s
                         'fj_lin':        13 [118.05ms, 174.47ms] 132.93ms  13.42ms    1.73s        13 [100.00ms, 100.12ms] 100.06ms  43.02us    1.30s
                         'fj_lin':        13 [119.07ms, 177.13ms] 135.93ms  15.07ms    1.77s        13 [100.01ms, 100.13ms] 100.09ms  40.95us    1.30s
                      'fs_random':         1 [   2.09s,    2.09s]    2.09s   0.00ns    2.09s         0 [  0.00ns,   0.00ns]   0.00ns   0.00ns   0.00ns
                      'fs_random':         1 [   2.15s,    2.15s]    2.15s   0.00ns    2.15s         1 [497.09ms, 497.09ms] 497.09ms   0.00ns 497.09ms
                      'fs_random':         1 [   2.15s,    2.15s]    2.15s   0.00ns    2.15s         1 [535.79ms, 535.79ms] 535.79ms   0.00ns 535.79ms
                      'fs_random':         1 [   2.15s,    2.15s]    2.15s   0.00ns    2.15s         1 [544.74ms, 544.74ms] 544.74ms   0.00ns 544.74ms
                      'fs_random':         1 [   2.15s,    2.15s]    2.15s   0.00ns    2.15s         1 [545.36ms, 545.36ms] 545.36ms   0.00ns 545.36ms
                      'fs_random':         1 [   2.16s,    2.16s]    2.16s   0.00ns    2.16s         1 [489.76ms, 489.76ms] 489.76ms   0.00ns 489.76ms
                      'fs_random':         1 [   2.17s,    2.17s]    2.17s   0.00ns    2.17s         1 [544.06ms, 544.06ms] 544.06ms   0.00ns 544.06ms
                'fs_random_no_lp':         1 [   2.09s,    2.09s]    2.09s   0.00ns    2.09s         1 [   1.54s,    1.54s]    1.54s   0.00ns    1.54s
                'fs_random_no_lp':         1 [   2.09s,    2.09s]    2.09s   0.00ns    2.09s         1 [712.73ms, 712.73ms] 712.73ms   0.00ns 712.73ms
                'fs_random_no_lp':         1 [   2.10s,    2.10s]    2.10s   0.00ns    2.10s         1 [   1.28s,    1.28s]    1.28s   0.00ns    1.28s
                'fs_random_no_lp':         1 [   2.10s,    2.10s]    2.10s   0.00ns    2.10s         1 [701.76ms, 701.76ms] 701.76ms   0.00ns 701.76ms
                'fs_random_no_lp':         1 [   2.10s,    2.10s]    2.10s   0.00ns    2.10s         1 [737.16ms, 737.16ms] 737.16ms   0.00ns 737.16ms
                'fs_random_no_lp':         1 [   2.10s,    2.10s]    2.10s   0.00ns    2.10s         1 [967.96ms, 967.96ms] 967.96ms   0.00ns 967.96ms
                'fs_random_no_lp':         1 [   2.17s,    2.17s]    2.17s   0.00ns    2.17s         1 [   1.61s,    1.61s]    1.61s   0.00ns    1.61s
        'fs_random_quick_restart':         1 [   2.09s,    2.09s]    2.09s   0.00ns    2.09s         1 [521.65ms, 521.65ms] 521.65ms   0.00ns 521.65ms
        'fs_random_quick_restart':         1 [   2.16s,    2.16s]    2.16s   0.00ns    2.16s         1 [529.50ms, 529.50ms] 529.50ms   0.00ns 529.50ms
        'fs_random_quick_restart':         1 [   2.17s,    2.17s]    2.17s   0.00ns    2.17s         1 [511.48ms, 511.48ms] 511.48ms   0.00ns 511.48ms
        'fs_random_quick_restart':         1 [   2.17s,    2.17s]    2.17s   0.00ns    2.17s         1 [529.30ms, 529.30ms] 529.30ms   0.00ns 529.30ms
        'fs_random_quick_restart':         1 [   2.17s,    2.17s]    2.17s   0.00ns    2.17s         1 [531.71ms, 531.71ms] 531.71ms   0.00ns 531.71ms
        'fs_random_quick_restart':         1 [   2.17s,    2.17s]    2.17s   0.00ns    2.17s         1 [535.19ms, 535.19ms] 535.19ms   0.00ns 535.19ms
  'fs_random_quick_restart_no_lp':         1 [   2.09s,    2.09s]    2.09s   0.00ns    2.09s         1 [622.61ms, 622.61ms] 622.61ms   0.00ns 622.61ms
  'fs_random_quick_restart_no_lp':         1 [   2.09s,    2.09s]    2.09s   0.00ns    2.09s         1 [626.39ms, 626.39ms] 626.39ms   0.00ns 626.39ms
  'fs_random_quick_restart_no_lp':         1 [   2.09s,    2.09s]    2.09s   0.00ns    2.09s         1 [640.28ms, 640.28ms] 640.28ms   0.00ns 640.28ms
  'fs_random_quick_restart_no_lp':         1 [   2.10s,    2.10s]    2.10s   0.00ns    2.10s         1 [634.14ms, 634.14ms] 634.14ms   0.00ns 634.14ms
  'fs_random_quick_restart_no_lp':         1 [   2.10s,    2.10s]    2.10s   0.00ns    2.10s         1 [650.34ms, 650.34ms] 650.34ms   0.00ns 650.34ms
  'fs_random_quick_restart_no_lp':         1 [   2.10s,    2.10s]    2.10s   0.00ns    2.10s         1 [658.01ms, 658.01ms] 658.01ms   0.00ns 658.01ms
  'fs_random_quick_restart_no_lp':         1 [   2.17s,    2.17s]    2.17s   0.00ns    2.17s         1 [719.15ms, 719.15ms] 719.15ms   0.00ns 719.15ms
                  'graph_arc_lns':      3486 [  6.65ms, 733.33ms] 228.03ms 133.70ms   13.25m      3486 [160.00ns, 148.73ms]  74.67ms  51.38ms    4.34m
                  'graph_cst_lns':      3402 [  4.05ms, 573.17ms] 234.03ms 121.97ms   13.27m      3402 [ 10.00ns, 118.60ms]  68.92ms  47.86ms    3.91m
                  'graph_dec_lns':      2937 [  3.51ms,    1.02s] 271.33ms 175.18ms   13.28m      2934 [ 10.00ns, 117.34ms]  60.30ms  49.91ms    2.95m
                  'graph_var_lns':      3613 [  5.42ms, 499.22ms] 220.22ms 113.91ms   13.26m      3613 [ 10.00ns, 109.93ms]  63.81ms  46.82ms    3.84m
                   'lb_relax_lns':       151 [   2.49s,   10.22s]    6.21s    1.75s   15.63m       143 [   2.64s,   10.03s]    5.61s    1.94s   13.36m
                 'lb_tree_search':         1 [   4.99m,    4.99m]    4.99m   0.00ns    4.99m         0 [  0.00ns,   0.00ns]   0.00ns   0.00ns   0.00ns
                             'ls':      3038 [  3.01ms, 185.81ms]  97.32ms  19.78ms    4.93m      3037 [  1.59ms, 100.10ms]  99.91ms   3.24ms    5.06m
                             'ls':      3045 [  1.86ms, 187.84ms]  96.96ms  19.36ms    4.92m      3045 [126.14us, 100.10ms]  99.82ms   4.35ms    5.07m
                             'ls':      3076 [  1.27ms, 222.91ms]  96.08ms  19.20ms    4.93m      3076 [ 66.90us, 100.08ms]  99.91ms   3.27ms    5.12m
                             'ls':      3078 [  4.81ms, 177.83ms]  96.05ms  18.25ms    4.93m      3078 [126.22us, 100.10ms]  99.94ms   2.61ms    5.13m
                             'ls':      3080 [  4.71ms, 179.32ms]  95.90ms  17.73ms    4.92m      3079 [  2.35ms, 100.09ms]  99.95ms   2.52ms    5.13m
                             'ls':      3081 [  1.09ms, 187.30ms]  95.69ms  19.04ms    4.91m      3081 [125.38us, 100.08ms]  99.60ms   6.24ms    5.11m
                             'ls':      3083 [  4.28ms, 179.51ms]  95.86ms  17.98ms    4.93m      3082 [  3.36ms, 100.10ms]  99.93ms   2.86ms    5.13m
                             'ls':      3088 [  1.75ms, 192.14ms]  95.59ms  17.27ms    4.92m      3087 [116.29us, 100.11ms]  99.90ms   3.14ms    5.14m
                             'ls':      3091 [  1.43ms, 178.94ms]  95.50ms  19.33ms    4.92m      3090 [112.18us, 100.09ms]  99.82ms   4.15ms    5.14m
                             'ls':      3125 [  4.21ms, 178.03ms]  94.56ms  17.23ms    4.93m      3124 [687.63us, 100.08ms]  99.87ms   3.53ms    5.20m
                             'ls':      3153 [  3.16ms, 200.21ms]  93.72ms  16.94ms    4.92m      3152 [133.23us, 100.08ms]  99.94ms   2.95ms    5.25m
                         'ls_lin':      3055 [  1.99ms, 203.64ms]  96.75ms  17.58ms    4.93m      3055 [116.11us, 100.07ms]  99.87ms   3.56ms    5.09m
                         'ls_lin':      3079 [  9.13ms, 204.69ms]  95.94ms  17.94ms    4.92m      3079 [  9.41ms, 100.08ms]  99.94ms   2.69ms    5.13m
                         'ls_lin':      3083 [918.78us, 234.13ms]  95.69ms  18.29ms    4.92m      3082 [ 81.46us, 100.08ms]  99.79ms   4.40ms    5.13m
                         'ls_lin':      3085 [  1.60ms, 187.26ms]  95.78ms  17.45ms    4.92m      3084 [112.17us, 100.08ms]  99.88ms   3.52ms    5.13m
                         'ls_lin':      3088 [  1.29ms, 190.84ms]  95.62ms  17.78ms    4.92m      3087 [161.61us, 100.09ms]  99.90ms   3.25ms    5.14m
                         'max_lp':         1 [   4.99m,    4.99m]    4.99m   0.00ns    4.99m         0 [  0.00ns,   0.00ns]   0.00ns   0.00ns   0.00ns
                          'no_lp':         1 [   4.99m,    4.99m]    4.99m   0.00ns    4.99m         0 [  0.00ns,   0.00ns]   0.00ns   0.00ns   0.00ns
            'objective_lb_search':         1 [   4.99m,    4.99m]    4.99m   0.00ns    4.99m         0 [  0.00ns,   0.00ns]   0.00ns   0.00ns   0.00ns
     'objective_lb_search_max_lp':         1 [   4.99m,    4.99m]    4.99m   0.00ns    4.99m         0 [  0.00ns,   0.00ns]   0.00ns   0.00ns   0.00ns
      'objective_lb_search_no_lp':         1 [   4.99m,    4.99m]    4.99m   0.00ns    4.99m         0 [  0.00ns,   0.00ns]   0.00ns   0.00ns   0.00ns
       'objective_shaving_max_lp':      1041 [ 13.59ms, 395.59ms] 285.91ms  38.70ms    4.96m      1029 [ 18.74us,  82.87ms]  76.73ms   9.58ms    1.32m
        'objective_shaving_no_lp':      1181 [ 12.08ms, 334.49ms] 251.69ms  29.84ms    4.95m      1170 [169.63us,  74.15ms]  71.72ms   8.20ms    1.40m
                        'probing':         1 [   4.99m,    4.99m]    4.99m   0.00ns    4.99m         0 [  0.00ns,   0.00ns]   0.00ns   0.00ns   0.00ns
                 'probing_max_lp':         1 [   4.99m,    4.99m]    4.99m   0.00ns    4.99m         1 [  51.06s,   51.06s]   51.06s   0.00ns   51.06s
                  'probing_no_lp':         1 [   4.99m,    4.99m]    4.99m   0.00ns    4.99m         1 [   2.98m,    2.98m]    2.98m   0.00ns    2.98m
                   'pseudo_costs':         1 [   4.99m,    4.99m]    4.99m   0.00ns    4.99m         0 [  0.00ns,   0.00ns]   0.00ns   0.00ns   0.00ns
                  'quick_restart':         1 [   4.99m,    4.99m]    4.99m   0.00ns    4.99m         0 [  0.00ns,   0.00ns]   0.00ns   0.00ns   0.00ns
            'quick_restart_no_lp':         1 [   4.99m,    4.99m]    4.99m   0.00ns    4.99m         1 [   3.94m,    3.94m]    3.94m   0.00ns    3.94m
                  'reduced_costs':         1 [   4.99m,    4.99m]    4.99m   0.00ns    4.99m         1 [   3.05m,    3.05m]    3.05m   0.00ns    3.05m
                      'rins/rens':      4785 [863.84us, 754.07ms] 166.20ms 128.72ms   13.25m      3906 [  3.42us, 101.07ms]  61.48ms  43.05ms    4.00m
                    'rnd_cst_lns':      2965 [  4.44ms, 839.60ms] 267.99ms 164.90ms   13.24m      2965 [ 10.00ns, 108.53ms]  59.37ms  48.38ms    2.93m
                    'rnd_var_lns':      2904 [  6.01ms, 899.73ms] 273.43ms 172.44ms   13.23m      2904 [ 10.00ns, 124.52ms]  62.78ms  50.53ms    3.04m
              'variables_shaving':      1830 [380.79ms, 666.31ms] 436.10ms  22.23ms   13.30m      1830 [ 65.60ms, 101.28ms]  96.35ms   6.01ms    2.94m
       'variables_shaving_max_lp':      1427 [513.52ms, 746.28ms] 558.01ms  18.41ms   13.27m      1427 [100.00ms, 100.31ms] 100.18ms  77.38us    2.38m
        'variables_shaving_no_lp':      2985 [197.86ms, 520.59ms] 266.95ms  43.94ms   13.28m      2980 [  2.90ms, 111.17ms]  23.34ms  22.52ms    1.16m

Search stats                         Bools  Conflicts    Branches   Restarts     BoolPropag  IntegerPropag
                           'core':   7'149  3'964'411  10'152'753    446'482  1'369'807'946    221'197'083
                     'default_lp':   7'653     76'607   4'331'507  1'046'214     55'440'831     48'924'453
                      'fs_random':   5'440         54      43'397     20'917        258'800        226'454
                      'fs_random':   5'440         67      44'866     20'928        263'130        233'659
                      'fs_random':   5'440         77      43'445     20'930        260'637        231'870
                      'fs_random':   5'440         80      44'273     20'894        261'745        232'922
                      'fs_random':   5'440         82      43'417     20'928        261'485        230'438
                      'fs_random':   5'440         95      46'253     20'955        271'243        242'355
                      'fs_random':   5'447        116      58'180     25'869        353'796        303'310
                'fs_random_no_lp':   5'440     11'673     337'629     39'290      3'200'687      3'368'758
                'fs_random_no_lp':   5'474     21'818     434'253     45'301      5'334'741      2'956'388
                'fs_random_no_lp':   6'368     12'594     282'907     38'503      3'053'270      3'300'622
                'fs_random_no_lp':   6'531      9'943     307'315     43'698      3'193'027      3'428'095
                'fs_random_no_lp':   6'913     24'295     222'113     36'058      4'609'574      4'431'393
                'fs_random_no_lp':   7'057     17'126     273'312     36'749      4'417'383      3'602'027
                'fs_random_no_lp':   7'625     30'291     293'576     38'024      8'846'403      3'101'578
        'fs_random_quick_restart':   5'440         46      87'464     35'452        490'576        426'988
        'fs_random_quick_restart':   5'440         47      72'597     30'647        413'907        360'818
        'fs_random_quick_restart':   5'453         49      87'015     35'396        494'668        427'446
        'fs_random_quick_restart':   5'476         57      73'065     30'682        415'328        362'866
        'fs_random_quick_restart':   5'489         51      87'698     35'436        494'225        430'591
        'fs_random_quick_restart':   5'523         42      88'279     35'476        495'723        430'901
  'fs_random_quick_restart_no_lp':   6'089      6'433     355'352     34'117      2'975'854      3'371'525
  'fs_random_quick_restart_no_lp':   6'092      6'496     352'104     34'370      3'032'492      3'474'288
  'fs_random_quick_restart_no_lp':   6'216      6'177     342'339     34'745      3'012'979      3'385'452
  'fs_random_quick_restart_no_lp':   6'222      6'435     350'815     34'466      3'083'666      3'459'101
  'fs_random_quick_restart_no_lp':   6'285      6'315     353'426     34'168      2'971'701      3'340'609
  'fs_random_quick_restart_no_lp':   6'288      6'236     340'404     34'749      2'962'917      3'280'410
  'fs_random_quick_restart_no_lp':   6'336      6'744     385'584     39'296      3'346'713      3'697'484
                 'lb_tree_search':   5'440         31     312'095    107'385      1'663'200      2'684'196
                         'max_lp':   5'568        569     164'238     55'816        980'042      1'797'980
                          'no_lp':   5'512  3'681'410  12'721'572    996'791    409'986'307    373'286'284
            'objective_lb_search':   6'621     93'232   7'405'569  2'143'427     84'951'149     86'792'305
     'objective_lb_search_max_lp':   5'552      2'062     318'273    106'548      3'007'387      4'923'987
      'objective_lb_search_no_lp':   8'837  2'944'591  12'028'678  1'407'868    509'115'994    639'067'413
                        'probing':   5'453          0      11'044     11'044         82'958         65'672
                 'probing_max_lp':   5'442          0      10'964     10'964         82'321        133'954
                  'probing_no_lp':   8'249  1'374'513  14'123'561  1'017'322    424'899'918    338'388'288
                   'pseudo_costs':   5'570      1'336     220'593     69'198      1'357'458      2'498'860
                  'quick_restart':   7'747      5'535   9'165'684  2'600'367     75'255'327     68'816'042
            'quick_restart_no_lp':  10'166    598'862  23'801'306    736'163    455'040'186    348'180'209
                  'reduced_costs':   5'442      1'253     361'036    106'920      2'080'905      3'903'750

SAT stats                           ClassicMinim  LitRemoved   LitLearned  LitForgotten  Subsumed   MClauses  MDecisions  MLitTrue  MSubsumed  MLitRemoved  MReused
                           'core':     3'604'737  35'933'444  117'909'643   113'670'539    20'582    341'241   2'280'931         0     17'493      318'299   60'669
                     'default_lp':        59'123     832'311    6'279'708     4'231'144       603    692'487   2'242'230         0      2'936       17'987   94'538
                      'fs_random':            25          82          445             0         0      4'347       8'888         0        186          574    1'805
                      'fs_random':            29          67          379             0         1      4'376       8'934         0        188          580    1'833
                      'fs_random':            38          63          450             0         1      4'366       8'898         0        188          578    1'816
                      'fs_random':            39          84        2'075             0         1      6'402      13'154         0        202          614    2'688
                      'fs_random':            40         102          544             0         0      4'363       8'909         0        198          614    1'821
                      'fs_random':            40          77          549             0         0      4'395       8'974         0        189          586    1'819
                      'fs_random':            42          96          584             0         0      4'344       8'837         0        181          551    1'820
                'fs_random_no_lp':        12'034      45'174      974'881       554'525       320     17'020      49'103         0        889        5'035    3'425
                'fs_random_no_lp':        12'350      37'629      770'356       170'329       293     23'573      74'153         0        905        5'655    4'376
                'fs_random_no_lp':        12'980      39'668      730'273       307'523       509     19'018      57'408         0      1'268        7'063    3'533
                'fs_random_no_lp':         4'870      15'174       97'193             0       151     24'960      78'738         0      1'388        8'307    3'891
                'fs_random_no_lp':         5'597      21'868      304'691             0       115     20'349      61'628         0        916        5'414    3'372
                'fs_random_no_lp':         7'083      31'212      196'427             0       116     19'528      58'889         0        888        5'288    3'475
                'fs_random_no_lp':         8'717      40'753      510'941             0       173     17'758      52'307         0        837        4'723    3'375
        'fs_random_quick_restart':            13          45          625             0         0     10'020      20'579         0        225          679    4'330
        'fs_random_quick_restart':            16          34          243             0         1     10'124      20'688         0        216          663    4'367
        'fs_random_quick_restart':            19          26          346             0         1     10'091      20'675         0        214          649    4'374
        'fs_random_quick_restart':            23          47          444             0         1      8'274      16'960         0        212          656    3'529
        'fs_random_quick_restart':            23          52          387             0         0     10'063      20'661         0        221          684    4'343
        'fs_random_quick_restart':            24          36          201             0         0      8'222      16'820         0        232          715    3'516
  'fs_random_quick_restart_no_lp':         2'901      10'049       60'717             0        71     15'022      41'524         0        622        3'374    3'066
  'fs_random_quick_restart_no_lp':         2'939       9'892       56'639             0        56     14'341      39'699         0        602        3'283    3'017
  'fs_random_quick_restart_no_lp':         2'981       9'906       58'639             0        67     15'004      41'431         0        664        3'626    3'040
  'fs_random_quick_restart_no_lp':         3'017      10'082       62'870             0        75     14'352      39'582         0        587        3'131    3'031
  'fs_random_quick_restart_no_lp':         3'050      10'446       58'991             0        80     14'777      40'987         0        629        3'439    3'153
  'fs_random_quick_restart_no_lp':         3'090      10'905       61'840             0        81     14'652      40'954         0        635        3'409    3'149
  'fs_random_quick_restart_no_lp':         3'207      11'837       61'360             0       108     15'930      45'653         0        759        4'324    3'082
                 'lb_tree_search':            10          26          253             0         0     37'497      77'504         0        249          753   16'389
                         'max_lp':           324      13'948       45'014             0         6     18'618      40'317         0        274          893    7'599
                          'no_lp':     3'517'697  60'349'508  181'480'183   179'195'373    14'376    843'412   5'847'634         0     32'494      389'717  110'133
            'objective_lb_search':        88'049   1'062'773    6'369'964     2'067'916       120  1'256'597   3'662'667         0      2'387       13'003  215'124
     'objective_lb_search_max_lp':         1'810      55'841      124'448             0        14     40'273      88'644         0        315        1'216   16'171
      'objective_lb_search_no_lp':     2'886'635  50'981'528  305'855'169   277'789'817     2'341  1'166'150   4'388'528         0     15'507       99'453  118'060
                        'probing':             0           0            0             0         0          0           0         0          0            0        0
                 'probing_max_lp':             0           0            0             0         0          0           0         0          0            0        0
                  'probing_no_lp':     1'179'823  18'336'145   86'793'317    83'634'367     6'075     41'217     227'486         0      4'540       44'821    5'202
                   'pseudo_costs':           717      25'193       62'847             0        14     26'462      62'267         0        338        1'408    9'487
                  'quick_restart':         3'241      47'014      279'421             0       106  1'361'621   3'591'468         0      1'036        5'108  266'762
            'quick_restart_no_lp':       496'065  14'147'998   77'578'366    73'601'684     2'893    581'384   2'307'724         0     28'202      194'995   36'397
                  'reduced_costs':         1'019     115'744      231'119             0         1     39'908      89'019         0        331        1'127   15'380

Lp stats                         Component  Iterations  AddedCuts  OPTIMAL  DUAL_F.  DUAL_U.
                  'default_lp':         55     884'124     10'883  174'675        0    1'613
                   'fs_random':         55       7'423      1'506    1'669        1        4
                   'fs_random':         55       7'494      1'632    1'799        0        1
                   'fs_random':         55       8'641      1'456    1'684        1        9
                   'fs_random':         55       8'710      1'346    1'707        0       13
                   'fs_random':         55       8'819      1'579    1'744        0       10
                   'fs_random':         55       8'946      1'281    1'453        0       17
                   'fs_random':         55       9'823      1'454    1'706        0       15
     'fs_random_quick_restart':         55       7'072      1'727    1'571        1        1
     'fs_random_quick_restart':         55       7'272      1'584    1'574        0        2
     'fs_random_quick_restart':         55       7'586      1'671    1'566        0        1
     'fs_random_quick_restart':         55       7'711      1'424    1'635        0        1
     'fs_random_quick_restart':         55       7'739      1'882    1'504        0        9
     'fs_random_quick_restart':         55       7'860      1'492    1'699        1        0
              'lb_tree_search':          1     509'230     62'287    4'558      257        6
                      'max_lp':          1     688'992     29'954   10'708      264      145
         'objective_lb_search':         55     680'641     13'010  173'941        1      201
  'objective_lb_search_max_lp':          1     808'813     36'738    5'561    3'515       45
                     'probing':         55      11'922     10'009   33'570        1        0
              'probing_max_lp':          1      58'114     57'711      163        2        0
                'pseudo_costs':          1     685'543     34'129   10'204    4'103      417
               'quick_restart':         55     925'751     12'906  149'912        4      488
               'reduced_costs':          1     950'465     37'855   10'887    6'673      318

Lp dimension                          Final dimension of first component
                  'default_lp':    1238 rows, 2803 columns, 6333 entries
                   'fs_random':    1234 rows, 2803 columns, 6040 entries
                   'fs_random':    1303 rows, 2803 columns, 6259 entries
                   'fs_random':    1309 rows, 2803 columns, 6260 entries
                   'fs_random':    1335 rows, 2803 columns, 6398 entries
                   'fs_random':    1375 rows, 2803 columns, 6805 entries
                   'fs_random':    1387 rows, 2803 columns, 6641 entries
                   'fs_random':    1433 rows, 2803 columns, 6973 entries
     'fs_random_quick_restart':    1230 rows, 2803 columns, 6019 entries
     'fs_random_quick_restart':    1413 rows, 2803 columns, 7200 entries
     'fs_random_quick_restart':    1479 rows, 2803 columns, 7116 entries
     'fs_random_quick_restart':    1504 rows, 2803 columns, 7164 entries
     'fs_random_quick_restart':    1528 rows, 2803 columns, 7307 entries
     'fs_random_quick_restart':    1581 rows, 2803 columns, 7492 entries
              'lb_tree_search':   6886 rows, 7732 columns, 22455 entries
                      'max_lp':   8646 rows, 7732 columns, 24721 entries
         'objective_lb_search':    1553 rows, 2803 columns, 8434 entries
  'objective_lb_search_max_lp':   7924 rows, 7732 columns, 24123 entries
                     'probing':   1311 rows, 2803 columns, 29510 entries
              'probing_max_lp':  22784 rows, 7732 columns, 86562 entries
                'pseudo_costs':   8397 rows, 7732 columns, 26019 entries
               'quick_restart':    1469 rows, 2803 columns, 7968 entries
               'reduced_costs':   9173 rows, 7732 columns, 26719 entries

Lp debug                         CutPropag  CutEqPropag   Adjust  Overflow        Bad  BadScaling
                  'default_lp':          0            6  137'783         0    180'162           0
                   'fs_random':          0            0      822         0      5'952           0
                   'fs_random':          0            0      833         0      2'215           0
                   'fs_random':          0            0      911         0      3'544           0
                   'fs_random':          0            0      918         0      3'571           0
                   'fs_random':          0            0      918         0      5'719           0
                   'fs_random':          0            0      919         0      4'921           0
                   'fs_random':          0            0      977         0      3'601           0
     'fs_random_quick_restart':          0            0      580         0      7'211           0
     'fs_random_quick_restart':          0            0      601         0     12'700           0
     'fs_random_quick_restart':          0            0      619         0      7'645           0
     'fs_random_quick_restart':          0            0      650         0      7'462           0
     'fs_random_quick_restart':          0            0      690         0      7'259           0
     'fs_random_quick_restart':          0            0      772         0      6'228           0
              'lb_tree_search':          0           25    4'820         0    702'780           0
                      'max_lp':          0            1   11'110         0     40'339           0
         'objective_lb_search':          0            0  127'579         0    232'777           0
  'objective_lb_search_max_lp':          0            0    9'061         0     99'445           0
                     'probing':          0        1'240      994         0  1'037'661           0
              'probing_max_lp':          0           21      165         0  2'000'223           0
                'pseudo_costs':          0            1   14'635         0     44'691           0
               'quick_restart':          0            0  100'075         0    188'129           0
               'reduced_costs':          0            0   17'811         0     45'279           0

Lp pool                          Constraints  Updates  Simplif  Merged  Shortened   Split  Strenghtened       Cuts/Call
                  'default_lp':       11'483      742       18       0          0     967           139   10'883/81'207
                   'fs_random':        2'881        0        0       0          0       0            18     1'281/2'050
                   'fs_random':        2'946        1        0       0          0       0             1     1'346/2'564
                   'fs_random':        3'054        3        0       0          0       0            13     1'454/2'813
                   'fs_random':        3'056        0        0       0          0       0            23     1'456/2'882
                   'fs_random':        3'106        1        0       0          0       0            26     1'506/3'057
                   'fs_random':        3'179        1        0       0          0       0            29     1'579/3'596
                   'fs_random':        3'232        5        0       0          0       0            17     1'632/3'205
     'fs_random_quick_restart':        3'024       17        0       0          0       0             4     1'424/2'607
     'fs_random_quick_restart':        3'092        3        0       0          0       0            48     1'492/2'847
     'fs_random_quick_restart':        3'184        2        0       0          0       0            19     1'584/3'182
     'fs_random_quick_restart':        3'271       13        0       0          0       0            11     1'671/3'454
     'fs_random_quick_restart':        3'327       11        0       0          0       0            17     1'727/3'830
     'fs_random_quick_restart':        3'482       16        0       0          0       2            16     1'882/4'109
              'lb_tree_search':       28'415    2'434        2       1          0  11'604           222  62'287/252'249
                      'max_lp':       29'083      474        2       0          0   1'179            10   29'954/76'241
         'objective_lb_search':       11'609      896       18       1          0     650           160   13'010/69'456
  'objective_lb_search_max_lp':       28'866      149       18       1          0     241           580  36'738/107'066
                     'probing':       10'609    7'518        0       0          0       0           132   10'009/22'417
              'probing_max_lp':       28'840    4'366        0       0          0  34'707           136  57'711/266'776
                'pseudo_costs':       28'257      110        2       1          0      28            97   34'129/80'166
               'quick_restart':       11'506      952       18       0          0     354           175   12'906/95'174
               'reduced_costs':       28'984      135       18       0          0     155           249   37'855/92'867

Lp Cut            fs_ran  fs_ran  fs_ran  fs_ran  fs_ran  fs_ran  fs_ran  fs_ran  fs_ran  fs_ran  fs_ran  fs_ran  fs_ran  defaul  max_lp  quick_  reduce  pseudo  lb_tre  probin  object  object  probin
          CG_FF:      29      33      31      14      33      26      23      22      27      23      17      33      29     339       8     405      76      43     134     188     365      86      73
           CG_K:      19      19      23       6      23      18      19      19      26      26      12      20      24     261       7     263      43      25      50     145     303      41      32
          CG_KL:       1       -       1       -       1       1       3       -       -       -       1       -       1       1       5       7      24      17      19       -       4      29      11
           CG_R:      24      14      14      15      34      16      25      22      30      27      17      23      25     393       8     471      43      25     169     430     453      44     205
          CG_RB:      35      24      39      19      38      36      21      26      46      25      26      32      41     545      31     475      98      49     281   1'098     580     101     352
         CG_RBP:      13       6      12      13      17      16       5      14      20      22       5      14      22     244       8     199      27      18      96     329     271      44     162
         Clique:       -       -       -       -       -       -       -       -       -       -       -       -       -       -      26       -      67      52     211       -       -      88     271
             IB:     971     960     955   1'034     939     955     909     959     993     948     945     943     947   2'228  23'763   2'452  27'682  25'221  12'528     835   2'454  16'974     955
       MIR_1_FF:      17      20      31      11      21      14      13      37      19      18      25      24      38     222     342     258     201     405   1'276     174     234     558   1'298
        MIR_1_K:      14      16      15       1      17      11      17      20      15      14       8      18      31      98     252     106     377     370     843     138     116     506     873
       MIR_1_KL:       -       -       -       -       -       -       -       -       -       -       -       -       -       1     122       1     146     190     553       3       1     245     570
        MIR_1_R:       -       -       -       -       1       -       -       -       1       -       -       -       1       1       1       1       5       2      19      10       3       -      12
       MIR_1_RB:       -       2       3       4       2       4       1       2       4       6       -       3       1      54      58      56      72      62     307      93      56     119     259
      MIR_1_RBP:       1       1       3       2       1       1       -       1       1       1       -       1       2      13       4      22      13      18      64      21      28      17      48
      MIR_1_RLT:       -       -       -       -       -       -       -       -       -       -       -       -       -       -       -       -       4       -       -       -       -       2       -
       MIR_2_FF:      13      13      24       3      23      17      10      21      21      15      19      15      34     177     271     206     384     495   1'471     380     176     705   1'725
        MIR_2_K:      11      19      15       3      16      14       8      20      19      19      20      15      39     167     204     217     359     370   1'106     325     156     601   1'336
       MIR_2_KL:       -       1       1       -       -       -       -       1       2       -       -       2       1       1     230       4     326     422   1'052       2       2     631   1'221
        MIR_2_R:       -       -       -       -       -       -       -       -       1       -       -       -       -       6       -       4       -       2      23      17       8       1      15
       MIR_2_RB:      12       9      14       6       8       5       5      12      12      21      15      13      20     123      70     138     219     150     481     244     147     324     374
      MIR_2_RBP:       3       1       3       2       1       2       -       4       5       3       -       2       7      24       7      43      27      23     113      23      42      46      82
       MIR_3_FF:      17      26      19       6      18      11      17      19      22      31      20      30      42     247     319     268     375     456   2'240     235     230     838   2'511
        MIR_3_K:      14      21      23       7      22      16      20      22      29      43      22      24      38     246     228     330     370     354   1'579     260     231     670   1'912
       MIR_3_KL:       -       3       -       -       -       -       1       2       1       1       1       1       -       4     288       5     383     399   1'656       3       6     799   1'857
        MIR_3_R:       -       1       2       -       -       -       -       1       1       -       1       -       2       5      10       6      17      22     106      16       4      66     106
       MIR_3_RB:      21      20      19       8      16      15      11      16      18      25      13      13      21     224      95     228     224     163     707     189     254     406     551
      MIR_3_RBP:       1       1       5       1       1       4       4       5       3       3       -       1       4      38      17      41      50      28     208      26      63      75     160
       MIR_4_FF:      22      22      31       6      31      18      27      14      27      45      16      17      35     286     313     335     372     401   2'655     206     318     918   2'996
        MIR_4_K:      17      26      27       5      24      17       9      17      25      23      12      12      49     259     206     397     380     284   1'748     216     302     618   2'158
       MIR_4_KL:       -       -       -       -       2       -       2       1       2       -       1       1       1       1     298       5     310     325   1'987       1       8     779   2'297
        MIR_4_R:       2       2       1       -       2       -       -       -       5       -       1       1       2       7      33       9      60      34     248      12       8     117     258
       MIR_4_RB:      18      24      29       7      16      10      15      18      19      28      14      16      28     247     134     341     219     156     958     149     350     527     766
      MIR_4_RBP:       1       3       6       3       1       1       2       7       5       1       2       -      10      46      14      56      45      38     253      21      75     102     259
       MIR_5_FF:      20      28      26       8      28      17      16      15      32      31      18      18      33     320     242     397     287     261   2'818     192     422     694   3'224
        MIR_5_K:      14      23      31       6      19      13       8      15      19      25      16      14      30     284     153     362     312     186   1'729     191     342     472   1'992
       MIR_5_KL:       -       -       -       -       -       -       -       -       -       -       -       -       1       3     213       2     241     222   2'178       3       2     638   2'334
        MIR_5_R:       1       -       -       -       2       -       -       1       1       -       -       -       2       8      34       8      41      24     373      13       8      92     376
       MIR_5_RB:       8      20      20       6      19      11      12      17      11      27      12      15      34     268     110     323     189     106     998     146     412     433     851
      MIR_5_RBP:       3       2       5       1       1       2       6       4       3       3       3       2       8      39      16      42      64      37     289      17      79      70     310
       MIR_6_FF:      13      12      23       8      18      14      25      14      26      19      19      18      25     344     168     437     198     196   2'509     177     398     510   2'930
        MIR_6_K:       7      16      25       8      17       8      12       7      17      16       8      17      23     287     122     365     217     136   1'438     191     404     343   1'678
       MIR_6_KL:       -       -       -       -       -       -       -       -       -       -       -       -       1       1     182       2     157     152   1'898       -       -     471   2'180
        MIR_6_R:       -       -       -       -       1       -       -       -       2       -       -       -       -       3      36       8      22      19     411       8       9      97     427
       MIR_6_RB:      13      14      17       5      15       9      12      16      20      16      11      13      21     276     104     352     162      86     966     115     485     396     846
      MIR_6_RBP:       -       3       5       1       1       2       2       2       3       2       1       -       3      45      27      53      41      22     337      16      78      92     363
   ZERO_HALF_FF:      26      48      30       4      46      49      17      33      44      46      32      43      58     382     154     531     427     278     997     226     408     612   1'026
    ZERO_HALF_K:       9      17      20       6      15      21       8      14      27      25      18       9      21     148      83     199     278     168     318      64     159     382     341
   ZERO_HALF_KL:       1       -       1       -       -       1       1       -       1       1       -       -       2       4     116       2     278     177     409       -       -     472     428
    ZERO_HALF_R:      56      90      72      44      76      60      51      45     104      76      65      63     106   1'761     591   2'231   1'400   1'000   7'649   2'520   2'298   2'699  10'344
   ZERO_HALF_RB:       4      14       7       4       7      14       6       4      11       6       4      11      10      78     178     113     373     294   1'234     114     128     871   1'439
  ZERO_HALF_RBP:       3      10       4       4       6       7       3       3       7      10       4       9       9     124      53     130     170     146     595     227     130     317     917

LNS stats           Improv/Calls  Closed  Difficulty  TimeLimit
  'graph_arc_lns':      215/3486     50%    4.35e-01       0.15
  'graph_cst_lns':      319/3402     50%    6.46e-01       0.12
  'graph_dec_lns':      477/2934     50%    8.93e-01       0.12
  'graph_var_lns':      475/3613     50%    6.88e-01       0.11
   'lb_relax_lns':        18/143     48%    8.26e-01       0.50
      'rins/rens':     1494/3920     50%    7.07e-01       0.10
    'rnd_cst_lns':      443/2965     50%    8.32e-01       0.11
    'rnd_var_lns':      410/2904     50%    9.06e-01       0.12

LS stats                                        Batches  Restarts/Perturbs     LinMoves    GenMoves  CompoundMoves   Bactracks  WeightUpdates  ScoreComputed
                    'fj_lin_restart_compound':        9                  4            0     493'770        172'403     160'670            566      5'243'586
                'fj_lin_restart_compound_obj':        2                  2            0     106'756         47'245      29'754            149      1'218'635
            'fj_lin_restart_compound_perturb':       16                  6            0     930'397        256'704     336'814          1'050      9'215'329
        'fj_lin_restart_compound_perturb_obj':        9                  6            0     481'593        197'073     142'242            583      5'435'475
              'fj_lin_restart_decay_compound':        1                  1            0      53'219         31'070      11'074             36        635'212
          'fj_lin_restart_decay_compound_obj':       11                  5            0     622'515        348'002     137'247            314      6'821'931
      'fj_lin_restart_decay_compound_perturb':        6                  4            0     335'094        191'074      72'007            190      3'766'368
  'fj_lin_restart_decay_compound_perturb_obj':       11                  4            0     640'702        352'696     143'990            300      6'890'140
                   'fj_lin_restart_decay_obj':        2                  2      153'920           0              0           0            442        778'640
               'fj_lin_restart_decay_perturb':        3                  2      234'900           0              0           0            666      1'187'890
           'fj_lin_restart_decay_perturb_obj':        3                  2      234'335           0              0           0            646      1'185'211
                     'fj_lin_restart_perturb':        1                  1       65'382           0              0           0          1'038        488'505
                 'fj_lin_restart_perturb_obj':        3                  2      192'998           0              0           0          3'532      1'482'474
                                 'fj_restart':       11                  6      710'618           0              0           0         14'427      5'480'659
                        'fj_restart_compound':        6                  4            0     326'660        131'494      97'573            404      3'635'535
                    'fj_restart_compound_obj':        6                  5            0     308'808        129'849      89'460            407      3'582'155
                'fj_restart_compound_perturb':       21                  7            0   1'191'928        313'498     439'196          1'317     11'733'402
            'fj_restart_compound_perturb_obj':       24                  6            0   1'387'447        334'850     526'274          1'573     13'399'849
                           'fj_restart_decay':       14                  6    1'100'335           0              0           0          3'008      5'505'653
                  'fj_restart_decay_compound':        7                  5            0     392'896        226'337      83'275            221      4'377'424
              'fj_restart_decay_compound_obj':       10                  5            0     571'968        321'529     125'201            292      6'261'147
          'fj_restart_decay_compound_perturb':       12                  8            0     685'343        393'499     145'909            381      7'526'538
      'fj_restart_decay_compound_perturb_obj':        7                  4            0     393'842        229'721      82'042            214      4'431'541
                       'fj_restart_decay_obj':        6                  4      466'624           0              0           0          1'303      2'353'289
                   'fj_restart_decay_perturb':       10                  4      788'750           0              0           0          2'147      3'947'977
               'fj_restart_decay_perturb_obj':       12                  6      942'108           0              0           0          2'605      4'746'766
                             'fj_restart_obj':       11                  5      712'796           0              0           0         14'515      5'434'563
                         'fj_restart_perturb':       14                  7      909'015           0              0           0         19'173      6'994'495
                     'fj_restart_perturb_obj':        3                  2      194'200           0              0           0          3'386      1'454'303
                             'ls_lin_restart':    1'874                654   84'107'993           0              0           0      2'207'157    668'582'952
                    'ls_lin_restart_compound':    1'937                544            0  23'348'533      3'090'785  10'128'088         82'320    353'924'066
            'ls_lin_restart_compound_perturb':    1'867                594            0  22'012'294      2'912'468   9'549'033         83'318    337'848'270
                       'ls_lin_restart_decay':    2'037                631   63'660'967           0              0           0        218'938    329'656'796
              'ls_lin_restart_decay_compound':    2'554                592            0  29'465'381      7'844'931  10'809'456         52'473    458'720'103
      'ls_lin_restart_decay_compound_perturb':    1'631                620            0  17'352'275      4'993'011   6'178'874         52'747    287'838'292
               'ls_lin_restart_decay_perturb':    1'850                611   57'740'288           0              0           0        200'187    299'165'232
                     'ls_lin_restart_perturb':    1'640                605   72'923'239           0              0           0      1'874'590    577'558'895
                                 'ls_restart':    4'936              1'182  232'192'317           0              0           0      6'511'446  1'878'001'635
                        'ls_restart_compound':    4'998              1'206            0  66'027'222      7'002'586  29'510'641        189'927    906'172'045
                'ls_restart_compound_perturb':    3'654              1'172            0  42'416'790      6'255'450  18'078'879        167'245    670'659'953
                           'ls_restart_decay':    3'945              1'197  123'059'126           0              0           0        421'501    636'849'734
                  'ls_restart_decay_compound':    3'604              1'221            0  39'219'683     11'356'412  13'930'061        105'563    644'123'170
          'ls_restart_decay_compound_perturb':    5'109              1'174            0  59'045'916     15'807'770  21'617'430        104'631    920'138'975
                   'ls_restart_decay_perturb':    3'839              1'223  119'699'516           0              0           0        413'252    620'161'776
                         'ls_restart_perturb':    3'853              1'187  174'119'644           0              0           0      4'643'058  1'391'002'835

Solutions (180)                             Num       Rank
                          'graph_arc_lns':   33   [34,178]
                          'graph_cst_lns':   14   [21,154]
                          'graph_dec_lns':    8   [39,120]
                          'graph_var_lns':   15   [25,159]
                    'lb_relax_lns_bool_h':    1  [166,166]
                     'lb_relax_lns_int_h':    1  [153,153]
                         'ls_lin_restart':    3   [42,100]
                'ls_lin_restart_compound':    2  [104,112]
        'ls_lin_restart_compound_perturb':    1    [45,45]
          'ls_lin_restart_decay_compound':    2    [11,17]
  'ls_lin_restart_decay_compound_perturb':    3    [9,135]
                             'ls_restart':    1    [52,52]
                    'ls_restart_compound':    9   [10,164]
            'ls_restart_compound_perturb':    7   [26,149]
              'ls_restart_decay_compound':    3   [12,122]
      'ls_restart_decay_compound_perturb':    5    [8,161]
               'ls_restart_decay_perturb':    1    [16,16]
                     'ls_restart_perturb':    3     [7,15]
                                  'no_lp':    1      [1,1]
                    'quick_restart_no_lp':   45    [2,176]
                            'rins_lp_lns':    9   [23,180]
                          'rins_pump_lns':    1  [169,169]
                            'rnd_cst_lns':    5     [5,96]
                            'rnd_var_lns':    7   [20,173]

Objective bounds          Num
         'am1_presolve':    1
            'bool_core':   13
       'initial_domain':    1
       'lb_tree_search':   10
               'max_lp':    1
  'objective_lb_search':    3
              'probing':    1
       'probing_max_lp':   29

Solution repositories     Added  Queried  Synchro
  'feasible solutions':  35'830   66'448   18'552
   'fj solution hints':     103        0       97
        'lp solutions':   1'033    3'460      998
                'pump':  13'664    1'325

Improving bounds shared    Num  Sym
          'pseudo_costs':    9    0

Clauses shared                      Num
                           'core':   16
                'fs_random_no_lp':   46
  'fs_random_quick_restart_no_lp':   23
                          'no_lp':   20
     'objective_lb_search_max_lp':    9
      'objective_lb_search_no_lp':    2
                  'probing_no_lp':    4
            'quick_restart_no_lp':   53

CpSolverResponse summary:
status: FEASIBLE
objective: 84968
best_bound: 68000
integers: 4512
booleans: 5440
conflicts: 11673
branches: 337629
propagations: 3200687
integer_propagations: 3368758
restarts: 39290
lp_iterations: 0
walltime: 300.395
usertime: 300.395
deterministic_time: 8625.66
gap_integral: 86825.2
solution_fingerprint: 0x548a172b559ffedf

TACC:  MPI job exited with code: 10 
TACC:  Shutdown complete. Exiting. 
