======================================
INPUT: /work/10548/chenhaoh/ls6/transopt_cp_models/gt3_6t_adder8_sptr/cp_model/gt3_6t_adder8_partition_3.cp_model.textproto
OUTPUT: /work/10548/chenhaoh/ls6/transopt_cp_models/gt3_6t_adder8_sptr/response/gt3_6t_adder8_partition_3.response.textproto
PARAMS: num_workers:64,max_time_in_seconds:300
======================================
TACC:  Starting up job 2602960 
TACC:  Starting parallel tasks... 

Starting CP-SAT solver v9.14.9999
Parameters: max_time_in_seconds: 300 log_search_progress: true num_workers: 64

Initial optimization model 'gt3_6t_adder8_partition_3.cp_model': (model_fingerprint: 0x3c3d46fdada2a2c8)
#Variables: 8'008 (#bools: 1'039 #ints: 40 in floating point objective) (7'129 primary variables)
  - 4'730 Booleans in [0,1]
  - 16 in [0][3][5][7,8][10,11][18]
  - 10 in [0][3][5][8][10,11][18]
  - 3 in [0][3][5,11][18]
  - 1 in [0][3][8][10,11][18]
  - 5 in [0][5][7][18]
  - 14 in [0][5][7,8][18]
  - 11 in [0][5][8][18]
  - 4 in [0][5][18]
  - 1 in [0][5,7][18]
  - 3 in [0][5,8][18]
  - 2'360 in [0,3]
  - 20 in [0,1728]
  - 20 in [0,2436]
  - 5 in [1,2][7][10][13][16][18]
  - 8 in [1,2][7][10][13,14][18]
  - 4 in [1,2][7][16][18]
  - 11 in [1,2][10][13][16][18]
  - 13 in [1,2][10][13,14][18]
  - 16 in [1,2][13][15,18]
  - 4 in [1,2][13][16][18]
  - 15 in [1,2][13][16,18]
  - 44 in [1,2][13,14][18]
  - 5 in [1,2][15,16][18]
  - 14 in [1,2][15,18]
  - 23 in [1,2][16][18]
  - 15 in [1,2][16,18]
  - 10 in [2][4][7][10][13][16][18]
  - 15 in [2][4][7][16][18]
  - 5 in [2][4,5][7][9,10][16][18]
  - 8 in [2][4,5][7][16][18]
  - 4 in [2][7][9,10][18]
  - 15 in [2][7][10][13,14][18]
  - 17 in [2][13][15,18]
  - 8 in [2][13][18]
  - 15 in [2][13,14][18]
  - 5 in [2][15,16][18]
  - 17 in [2][15,18]
  - 10 in [3][5,11][18]
  - 5 in [3][7][9,10][18]
  - 14 in [3][7][9,11][18]
  - 5 in [3][7][10][18]
  - 17 in [3][7][10,11][18]
  - 3 in [3][8][10,11][18]
  - 8 in [3][10][18]
  - 23 in [3][10,11][18]
  - 11 in [4,5][7][9,10][16][18]
  - 12 in [4,5][7][16][18]
  - 4 in [4,7][9,10][18]
  - 8 in [4,7][18]
  - 12 in [4,8][18]
  - 12 in [4,11][18]
  - 4 in [5,7][18]
  - 13 in [5,8][18]
  - 4 in [5,11][18]
  - 23 in [7][9,10][18]
  - 15 in [7][9,11][18]
  - 25 in [12,13][15,18]
  - 32 in [12,13][18]
  - 8 in [15,16][18]
  - 23 in [15,18]
  - 223 constants in {0,1,2,3,4,5,6,7,8,9,10,11,12,13,14,15,16,17} 
#kAtMostOne: 659 (#literals: 2'128)
#kBoolAnd: 250 (#enforced: 250) (#literals: 500)
#kBoolOr: 5'275 (#enforced: 274) (#literals: 10'502)
#kExactlyOne: 10 (#literals: 281)
#kLinMax: 40 (#expressions: 40)
#kLinear1: 6'625 (#enforced: 6'625 #multi: 24)
#kLinear2: 2'857 (#enforced: 2'720 #multi: 352)
#kLinear3: 145
#kLinearN: 558 (#terms: 4'148)

Starting presolve at 0.01s
[Scaling] Floating point objective has 1079 terms with magnitude in [25, 1000] average = 618.766
[Scaling] Objective coefficient relative error: 0
[Scaling] Objective worst-case absolute error: 0
[Scaling] Objective scaling factor: 1
  1.97e-03s  0.00e+00d  [DetectDominanceRelations] 
  5.75e-02s  0.00e+00d  [PresolveToFixPoint] #num_loops=5 #num_dual_strengthening=4 
  7.49e-04s  0.00e+00d  [ExtractEncodingFromLinear] #potential_supersets=663 #potential_subsets=40 #exo_encodings=40 #multiple_terms=230 #literals=1'124 
  5.93e-04s  0.00e+00d  [DetectDuplicateColumns] 
  6.98e-04s  0.00e+00d  [DetectDuplicateConstraints] #duplicates=921 
[Symmetry] Graph for symmetry has 27'581 nodes and 45'564 arcs.
[Symmetry] Symmetry computation done. time: 0.00848904 dtime: 0.0105612
[SAT presolve] num removable Booleans: 0 / 4070
[SAT presolve] num trivial clauses: 0
[SAT presolve] [0s] clauses:6313 literals:14474 vars:3942 one_side_vars:1842 simple_definition:648 singleton_clauses:0
[SAT presolve] [0.000316382s] clauses:6274 literals:14357 vars:3942 one_side_vars:1842 simple_definition:674 singleton_clauses:0
[SAT presolve] [0.000543708s] clauses:6274 literals:14357 vars:3942 one_side_vars:1842 simple_definition:674 singleton_clauses:0
  5.64e-04s  0.00e+00d  [DetectDuplicateConstraintsWithDifferentEnforcements] 
  3.78e-02s  1.34e-02d  [Probe] #probed=10'778 #new_bounds=54 #equiv=162 #new_binary_clauses=2'088 
  3.38e-03s  3.01e-03d  [MaxClique] Merged 5'771(12'234 literals) into 4'486(10'387 literals) at_most_ones. 
  1.59e-03s  0.00e+00d  [DetectDominanceRelations] 
  1.54e-02s  0.00e+00d  [PresolveToFixPoint] #num_loops=3 #num_dual_strengthening=1 
  1.32e-03s  0.00e+00d  [ProcessAtMostOneAndLinear] 
  5.44e-04s  0.00e+00d  [DetectDuplicateConstraints] #duplicates=132 
  4.66e-04s  0.00e+00d  [DetectDuplicateConstraintsWithDifferentEnforcements] 
  2.40e-04s  1.28e-05d  [DetectDominatedLinearConstraints] #relevant_constraints=684 
  1.65e-04s  0.00e+00d  [DetectDifferentVariables] 
  1.38e-03s  5.63e-05d  [ProcessSetPPC] #relevant_constraints=5'465 #num_inclusions=1'625 
  2.56e-04s  9.50e-08d  [FindAlmostIdenticalLinearConstraints] #num_tested_pairs=6 
  1.03e-03s  7.48e-04d  [FindBigAtMostOneAndLinearOverlap] 
  5.11e-04s  5.10e-04d  [FindBigVerticalLinearOverlap] 
  3.22e-04s  6.64e-04d  [FindBigHorizontalLinearOverlap] #linears=473 
  4.48e-04s  1.37e-05d  [MergeClauses] #num_collisions=437 #num_merges=437 #num_saved_literals=874 
  2.00e-03s  0.00e+00d  [DetectDominanceRelations] 
  1.29e-02s  0.00e+00d  [PresolveToFixPoint] #num_loops=1 #num_dual_strengthening=1 
  2.01e-03s  0.00e+00d  [DetectDominanceRelations] 
  1.26e-02s  0.00e+00d  [PresolveToFixPoint] #num_loops=1 #num_dual_strengthening=1 
  3.18e-04s  0.00e+00d  [DetectDuplicateColumns] 
  4.38e-04s  0.00e+00d  [DetectDuplicateConstraints] #duplicates=20 
[Symmetry] Graph for symmetry has 25'248 nodes and 38'006 arcs.
[Symmetry] Symmetry computation done. time: 0.00597867 dtime: 0.00958385
[SAT presolve] num removable Booleans: 0 / 3796
[SAT presolve] num trivial clauses: 0
[SAT presolve] [0s] clauses:4488 literals:9891 vars:3290 one_side_vars:1847 simple_definition:339 singleton_clauses:0
[SAT presolve] [0.000209312s] clauses:4488 literals:9891 vars:3290 one_side_vars:1847 simple_definition:339 singleton_clauses:0
[SAT presolve] [0.000415708s] clauses:4488 literals:9891 vars:3290 one_side_vars:1847 simple_definition:339 singleton_clauses:0
  6.33e-04s  0.00e+00d  [DetectDuplicateConstraintsWithDifferentEnforcements] 
  2.44e-02s  7.13e-03d  [Probe] #probed=10'410 #new_binary_clauses=773 
  2.43e-03s  1.49e-03d  [MaxClique] 
  2.06e-03s  0.00e+00d  [DetectDominanceRelations] 
  1.33e-02s  0.00e+00d  [PresolveToFixPoint] #num_loops=1 #num_dual_strengthening=1 
  1.30e-03s  0.00e+00d  [ProcessAtMostOneAndLinear] 
  6.52e-04s  0.00e+00d  [DetectDuplicateConstraints] 
  5.11e-04s  0.00e+00d  [DetectDuplicateConstraintsWithDifferentEnforcements] 
  3.08e-04s  1.28e-05d  [DetectDominatedLinearConstraints] #relevant_constraints=684 
  2.22e-04s  0.00e+00d  [DetectDifferentVariables] 
  1.26e-03s  4.92e-05d  [ProcessSetPPC] #relevant_constraints=5'199 #num_inclusions=1'491 
  2.87e-04s  1.15e-07d  [FindAlmostIdenticalLinearConstraints] #num_tested_pairs=7 
  1.05e-03s  7.67e-04d  [FindBigAtMostOneAndLinearOverlap] 
  5.36e-04s  5.06e-04d  [FindBigVerticalLinearOverlap] 
  3.62e-04s  6.64e-04d  [FindBigHorizontalLinearOverlap] #linears=473 
  4.79e-04s  1.37e-05d  [MergeClauses] #num_collisions=437 #num_merges=437 #num_saved_literals=874 
  2.22e-03s  0.00e+00d  [DetectDominanceRelations] 
  1.30e-02s  0.00e+00d  [PresolveToFixPoint] #num_loops=1 #num_dual_strengthening=1 
  2.18e-03s  0.00e+00d  [DetectDominanceRelations] 
  1.29e-02s  0.00e+00d  [PresolveToFixPoint] #num_loops=1 #num_dual_strengthening=1 
  3.70e-04s  0.00e+00d  [DetectDuplicateColumns] 
  4.76e-04s  0.00e+00d  [DetectDuplicateConstraints] 
[Symmetry] Graph for symmetry has 25'248 nodes and 38'006 arcs.
[Symmetry] Symmetry computation done. time: 0.0059077 dtime: 0.00958385
[SAT presolve] num removable Booleans: 0 / 3796
[SAT presolve] num trivial clauses: 0
[SAT presolve] [0s] clauses:4488 literals:9891 vars:3290 one_side_vars:1847 simple_definition:339 singleton_clauses:0
[SAT presolve] [0.000211265s] clauses:4488 literals:9891 vars:3290 one_side_vars:1847 simple_definition:339 singleton_clauses:0
[SAT presolve] [0.000419194s] clauses:4488 literals:9891 vars:3290 one_side_vars:1847 simple_definition:339 singleton_clauses:0
  7.19e-04s  0.00e+00d  [DetectDuplicateConstraintsWithDifferentEnforcements] 
  2.44e-02s  7.13e-03d  [Probe] #probed=10'410 #new_binary_clauses=773 
  2.47e-03s  1.49e-03d  [MaxClique] 
  2.18e-03s  0.00e+00d  [DetectDominanceRelations] 
  1.36e-02s  0.00e+00d  [PresolveToFixPoint] #num_loops=1 #num_dual_strengthening=1 
  1.36e-03s  0.00e+00d  [ProcessAtMostOneAndLinear] 
  5.66e-04s  0.00e+00d  [DetectDuplicateConstraints] 
  5.05e-04s  0.00e+00d  [DetectDuplicateConstraintsWithDifferentEnforcements] 
  2.98e-04s  1.28e-05d  [DetectDominatedLinearConstraints] #relevant_constraints=684 
  2.23e-04s  0.00e+00d  [DetectDifferentVariables] 
  1.26e-03s  4.92e-05d  [ProcessSetPPC] #relevant_constraints=5'199 #num_inclusions=1'491 
  2.92e-04s  1.25e-07d  [FindAlmostIdenticalLinearConstraints] #num_tested_pairs=7 
  1.02e-03s  7.55e-04d  [FindBigAtMostOneAndLinearOverlap] 
  5.11e-04s  5.06e-04d  [FindBigVerticalLinearOverlap] 
  3.75e-04s  6.64e-04d  [FindBigHorizontalLinearOverlap] #linears=473 
  4.99e-04s  1.37e-05d  [MergeClauses] #num_collisions=437 #num_merges=437 #num_saved_literals=874 
  2.15e-03s  0.00e+00d  [DetectDominanceRelations] 
  1.29e-02s  0.00e+00d  [PresolveToFixPoint] #num_loops=1 #num_dual_strengthening=1 
  5.92e-04s  0.00e+00d  [ExpandObjective] #entries=10'928 #tight_variables=678 #tight_constraints=174 

Presolve summary:
  - 870 affine relations were detected.
  - rule 'TODO dual: only one blocking constraint?' was applied 1'565 times.
  - rule 'affine: new relation' was applied 870 times.
  - rule 'at_most_one: removed literals' was applied 118 times.
  - rule 'at_most_one: resolved two constraints with opposite literal' was applied 112 times.
  - rule 'at_most_one: size one' was applied 236 times.
  - rule 'at_most_one: transformed into max clique.' was applied 1 time.
  - rule 'bool_and: x => x' was applied 664 times.
  - rule 'bool_or: always true' was applied 572 times.
  - rule 'bool_or: implications' was applied 4'477 times.
  - rule 'bool_or: only one literal' was applied 145 times.
  - rule 'deductions: 7472 stored' was applied 1 time.
  - rule 'dual: enforced equivalence' was applied 457 times.
  - rule 'dual: fix variable' was applied 236 times.
  - rule 'dual: make encoding equiv' was applied 22'682 times.
  - rule 'duplicate: removed constraint' was applied 1'073 times.
  - rule 'encoding: extracted from linear' was applied 40 times.
  - rule 'encoding: reduced target domain' was applied 40 times.
  - rule 'enforcement: false literal' was applied 708 times.
  - rule 'exactly_one: simplified objective' was applied 17 times.
  - rule 'lin_max: converted to equality' was applied 40 times.
  - rule 'lin_max: target domain reduced' was applied 40 times.
  - rule 'linear1: transformed to implication' was applied 236 times.
  - rule 'linear2: implied ax + by = cte has only one solution' was applied 352 times.
  - rule 'linear: always true' was applied 547 times.
  - rule 'linear: divide by GCD' was applied 156 times.
  - rule 'linear: enforcement literal in expression' was applied 112 times.
  - rule 'linear: fixed or dup variables' was applied 230 times.
  - rule 'linear: positive equal one' was applied 19 times.
  - rule 'linear: reduced variable domains' was applied 36 times.
  - rule 'linear: remapped using affine relations' was applied 824 times.
  - rule 'linear: simplified rhs' was applied 623 times.
  - rule 'new_bool: integer encoding' was applied 224 times.
  - rule 'presolve: 722 unused variables removed.' was applied 1 time.
  - rule 'presolve: iteration' was applied 3 times.
  - rule 'setppc: bool_or in at_most_one.' was applied 126 times.
  - rule 'setppc: removed dominated constraints' was applied 8 times.
  - rule 'variables with 2 values: new affine relation' was applied 8 times.
  - rule 'variables with 2 values: register other encoding' was applied 6 times.
  - rule 'variables: add encoding constraint' was applied 218 times.
  - rule 'variables: both boolean and its negation fix the same variable' was applied 52 times.
  - rule 'variables: canonicalize affine domain' was applied 54 times.
  - rule 'variables: detect fully reified value encoding' was applied 2'917 times.
  - rule 'variables: detect half reified value encoding' was applied 6'312 times.
  - rule 'variables: only used in encoding' was applied 236 times.
  - rule 'variables: only used in objective and in encoding' was applied 34 times.

Presolved optimization model 'gt3_6t_adder8_partition_3.cp_model': (model_fingerprint: 0xb121deb87113193)
#Variables: 6'312 (#bools: 921 in objective) (5'610 primary variables)
  - 3'796 Booleans in [0,1]
  - 12 in [0][3][5][7,8][10,11][18]
  - 9 in [0][3][5][8][10,11][18]
  - 3 in [0][3][5,11][18]
  - 1 in [0][3][8][10,11][18]
  - 4 in [0][5][7][18]
  - 12 in [0][5][7,8][18]
  - 9 in [0][5][8][18]
  - 3 in [0][5][18]
  - 1 in [0][5,7][18]
  - 3 in [0][5,8][18]
  - 1'979 in [0,3]
  - 3 in [1,2][7][10][13][16][18]
  - 4 in [1,2][7][10][13,14][18]
  - 4 in [1,2][7][16][18]
  - 9 in [1,2][10][13][16][18]
  - 12 in [1,2][10][13,14][18]
  - 12 in [1,2][13][15,18]
  - 3 in [1,2][13][16][18]
  - 12 in [1,2][13][16,18]
  - 36 in [1,2][13,14][18]
  - 4 in [1,2][15,16][18]
  - 12 in [1,2][15,18]
  - 20 in [1,2][16][18]
  - 12 in [1,2][16,18]
  - 9 in [2][4][7][10][13][16][18]
  - 12 in [2][4][7][16][18]
  - 3 in [2][4,5][7][9,10][16][18]
  - 4 in [2][4,5][7][16][18]
  - 4 in [2][7][9,10][18]
  - 12 in [2][7][10][13,14][18]
  - 12 in [2][13][15,18]
  - 4 in [2][13][18]
  - 12 in [2][13,14][18]
  - 4 in [2][15,16][18]
  - 12 in [2][15,18]
  - 9 in [3][5,11][18]
  - 4 in [3][7][9,10][18]
  - 12 in [3][7][9,11][18]
  - 4 in [3][7][10][18]
  - 12 in [3][7][10,11][18]
  - 3 in [3][8][10,11][18]
  - 7 in [3][10][18]
  - 21 in [3][10,11][18]
  - 9 in [4,5][7][9,10][16][18]
  - 12 in [4,5][7][16][18]
  - 3 in [4,7][9,10][18]
  - 7 in [4,7][18]
  - 9 in [4,8][18]
  - 9 in [4,11][18]
  - 4 in [5,7][18]
  - 12 in [5,8][18]
  - 3 in [5,11][18]
  - 20 in [7][9,10][18]
  - 12 in [7][9,11][18]
  - 21 in [12,13][15,18]
  - 28 in [12,13][18]
  - 7 in [15,16][18]
  - 21 in [15,18]
#kAtMostOne: 681 (#literals: 2'261)
#kBoolAnd: 1'825 (#enforced: 1'825 #multi: 339) (#literals: 6'513)
#kBoolOr: 139 (#literals: 417)
#kExactlyOne: 29 (#literals: 388)
#kLinear1: 5'458 (#enforced: 5'458)
#kLinear2: 776 (#enforced: 776)
#kLinear3: 145
#kLinearN: 539 (#terms: 3'805)
[Symmetry] Graph for symmetry has 23'274 nodes and 38'006 arcs.
[Symmetry] Symmetry computation done. time: 0.00593116 dtime: 0.00946541

Preloading model.
#Bound   0.38s best:inf   next:[0,548648] initial_domain
#Model   0.38s var:6312/6312 constraints:9592/9592

Starting search at 0.39s with 64 workers.
17 full problem subsolvers: [core, default_lp, lb_tree_search, max_lp, no_lp, objective_lb_search, objective_lb_search_max_lp, objective_lb_search_no_lp, objective_shaving_max_lp, objective_shaving_no_lp, probing, probing_max_lp, probing_no_lp, pseudo_costs, quick_restart, quick_restart_no_lp, reduced_costs]
47 first solution subsolvers: [fj(14), fj_lin(6), fs_random(7), fs_random_no_lp(7), fs_random_quick_restart(6), fs_random_quick_restart_no_lp(7)]
28 interleaved subsolvers: [feasibility_pump, graph_arc_lns, graph_cst_lns, graph_dec_lns, graph_var_lns, lb_relax_lns, ls(11), ls_lin(5), rins/rens, rnd_cst_lns, rnd_var_lns, variables_shaving, variables_shaving_max_lp, variables_shaving_no_lp]
3 helper subsolvers: [neighborhood_helper, synchronization_agent, update_gap_integral]

#Bound   0.55s best:inf   next:[19000,548648] am1_presolve (num_literals=921 num_am1=19 increase=9500 work_done=6803)
#Bound   0.82s best:inf   next:[20000,548648] bool_core (num_cores=1 [size:5 mw:500 amo:1 lit:2 d:3] a=898 d=3 fixed=0/4361 clauses=6'964)
#Bound   1.10s best:inf   next:[26956,548648] max_lp
#Bound   1.42s best:inf   next:[29828,548648] lb_tree_search
#Bound   1.68s best:inf   next:[31162,548648] probing_max_lp
#Bound   1.73s best:inf   next:[31828,548648] max_lp
#Bound   1.90s best:inf   next:[32670,548648] probing_max_lp
#Bound   1.96s best:inf   next:[33180,548648] max_lp
#Bound   2.08s best:inf   next:[33996,548648] lb_tree_search
#Bound   2.13s best:inf   next:[35174,548648] max_lp
#Bound   2.16s best:inf   next:[36526,548648] probing_max_lp
#Bound   2.31s best:inf   next:[38052,548648] lb_tree_search
#Bound   2.44s best:inf   next:[38580,548648] probing_max_lp
#Bound   2.56s best:inf   next:[38658,548648] max_lp
#Bound   2.90s best:inf   next:[39604,548648] max_lp
#Bound   2.91s best:inf   next:[41334,548648] probing_max_lp
#Bound   3.14s best:inf   next:[42158,548648] max_lp
#Bound   3.32s best:inf   next:[42314,548648] probing_max_lp
#Bound   3.51s best:inf   next:[42902,548648] max_lp
#Bound   3.66s best:inf   next:[43420,548648] probing_max_lp
#Bound   3.87s best:inf   next:[43504,548648] probing_max_lp
#Bound   4.18s best:inf   next:[43510,548648] lb_tree_search
#Bound   4.20s best:inf   next:[43646,548648] max_lp
#1       4.21s best:73866 next:[43646,73864] fs_random_quick_restart_no_lp
#2       4.28s best:72866 next:[43646,72864] quick_restart_no_lp
#3       4.29s best:71866 next:[43646,71864] quick_restart_no_lp
#4       4.30s best:71824 next:[43646,71822] quick_restart_no_lp
#5       4.32s best:71632 next:[43646,71630] quick_restart_no_lp
#6       4.32s best:71440 next:[43646,71438] quick_restart_no_lp
#7       4.35s best:71398 next:[43646,71396] quick_restart_no_lp
#8       4.35s best:71356 next:[43646,71354] quick_restart_no_lp
#9       4.41s best:71314 next:[43646,71312] quick_restart_no_lp
#10      4.65s best:71272 next:[43646,71270] quick_restart_no_lp
#11      4.66s best:71230 next:[43646,71228] ls_restart_compound_perturb(batch:1 lin{mvs:0 evals:6'181} gen{mvs:195 evals:0} comp{mvs:17 btracks:89} #w_updates:5 #perturb:0)
#12      4.67s best:71188 next:[43646,71186] quick_restart_no_lp
#13      4.70s best:71146 next:[43646,71144] quick_restart_no_lp
#14      4.72s best:71104 next:[43646,71102] quick_restart_no_lp
#15      4.73s best:71062 next:[43646,71060] quick_restart_no_lp
#16      4.74s best:70146 next:[43646,70144] ls_lin_restart_decay_compound(batch:1 lin{mvs:0 evals:67'706} gen{mvs:4'396 evals:0} comp{mvs:188 btracks:2'104} #w_updates:54 #perturb:0)
#17      4.75s best:70062 next:[43646,70060] ls_lin_restart_decay_compound(batch:1 lin{mvs:0 evals:67'706} gen{mvs:4'396 evals:0} comp{mvs:188 btracks:2'104} #w_updates:54 #perturb:0) [combined with: quick_restart_no_lp...]
#18      4.75s best:69978 next:[43646,69976] ls_lin_restart_decay_compound(batch:1 lin{mvs:0 evals:15'347} gen{mvs:526 evals:0} comp{mvs:40 btracks:243} #w_updates:11 #perturb:0)
#19      4.81s best:69936 next:[43646,69934] quick_restart_no_lp
#20      4.83s best:69894 next:[43646,69892] quick_restart_no_lp
#Bound   4.94s best:69894 next:[43676,69892] lb_tree_search
#21      5.02s best:69852 next:[43676,69850] quick_restart_no_lp
#22      5.02s best:68852 next:[43676,68850] ls_restart_decay_perturb(batch:1 lin{mvs:3 evals:193} #w_updates:0 #perturb:0)
#23      5.03s best:68810 next:[43676,68808] quick_restart_no_lp
#24      5.18s best:68726 next:[43676,68724] graph_arc_lns (d=3.75e-01 s=791 t=0.10 p=0.43 stall=3 h=base)
#Bound   5.37s best:68726 next:[43774,68724] lb_tree_search
#25      5.62s best:68558 next:[43774,68556] graph_var_lns (d=7.65e-01 s=902 t=0.10 p=0.55 stall=4 h=base)
#26      5.65s best:68534 next:[43774,68532] graph_arc_lns (d=3.93e-01 s=915 t=0.10 p=0.45 stall=2 h=base)
#27      5.65s best:68516 next:[43774,68514] graph_arc_lns (d=3.93e-01 s=919 t=0.10 p=0.45 stall=2 h=base)
#28      5.73s best:68492 next:[43774,68490] graph_dec_lns (d=8.24e-01 s=953 t=0.10 p=0.55 stall=4 h=base)
#29      5.79s best:68258 next:[43836,68256] graph_arc_lns (d=6.07e-01 s=932 t=0.10 p=0.54 stall=4 h=base)
#30      5.79s best:68024 next:[43836,68022] graph_arc_lns (d=6.07e-01 s=932 t=0.10 p=0.54 stall=4 h=base) [combined with: graph_dec_lns (d=8.2...]
#Bound   5.76s best:68492 next:[43836,68490] lb_tree_search [skipped_logs=0]
#31      6.02s best:67324 next:[43836,67322] rnd_var_lns (d=8.96e-01 s=967 t=0.10 p=0.64 stall=4 h=base)
#32      6.04s best:67282 next:[43836,67280] ls_restart_decay_compound_perturb(batch:1 lin{mvs:0 evals:184} gen{mvs:3 evals:0} comp{mvs:3 btracks:0} #w_updates:0 #perturb:0)
#33      6.04s best:67240 next:[43836,67238] ls_restart_decay_compound_perturb(batch:1 lin{mvs:0 evals:7'755} gen{mvs:317 evals:0} comp{mvs:23 btracks:147} #w_updates:7 #perturb:0) [combined with: ls_restart_decay_com...]
#34      6.12s best:67048 next:[43836,67046] ls_restart_compound_perturb(batch:1 lin{mvs:0 evals:61'388} gen{mvs:4'331 evals:0} comp{mvs:133 btracks:2'099} #w_updates:50 #perturb:0)
#35      6.48s best:66048 next:[43860,66046] graph_var_lns (d=7.72e-01 s=1110 t=0.10 p=0.53 stall=2 h=base)
#Bound   6.69s best:66048 next:[43916,66046] lb_tree_search [skipped_logs=1]
#36      7.03s best:65964 next:[43916,65962] rnd_cst_lns (d=9.70e-01 s=1233 t=0.10 p=0.67 stall=2 h=base)
#37      7.55s best:65880 next:[43984,65878] graph_cst_lns (d=5.76e-01 s=1414 t=0.10 p=0.50 stall=15 h=base)
#Bound   7.71s best:65880 next:[44064,65878] lb_tree_search [skipped_logs=1]
#38      8.29s best:65496 next:[44088,65494] rins_lp_lns (d=8.25e-01 s=1624 t=0.10 p=0.50 stall=6 h=base)
#Bound   8.79s best:65496 next:[44118,65494] lb_tree_search [skipped_logs=1]
#39     10.00s best:65304 next:[44184,65302] graph_arc_lns (d=5.82e-01 s=2090 t=0.10 p=0.52 stall=37 h=base)
#Bound   9.44s best:65496 next:[44184,65494] lb_tree_search [skipped_logs=0]
#Bound  10.43s best:65304 next:[45000,65302] bool_core (num_cores=26 [size:6 mw:500 d:6] a=740 d=6 fixed=0/4641 clauses=26'877) [skipped_logs=1]
#Bound  11.98s best:65304 next:[48000,65302] bool_core (num_cores=29 [size:3 mw:500 d:7] a=719 d=7 fixed=0/4704 clauses=25'188) [skipped_logs=2]
#Bound  12.94s best:65304 next:[50000,65302] bool_core (num_cores=31 [size:13 mw:500 d:9] a=702 d=9 fixed=0/4764 clauses=24'176) [skipped_logs=1]
#Bound  14.31s best:65304 next:[51000,65302] bool_core (num_cores=32 [size:3 mw:500 d:10] a=700 d=10 fixed=0/4803 clauses=28'517)
#Bound  16.58s best:65304 next:[52000,65302] bool_core (num_cores=33 [size:11 mw:500 d:11] a=690 d=11 fixed=0/4841 clauses=37'875)
#40     16.67s best:65112 next:[52000,65110] graph_arc_lns (d=5.76e-01 s=4086 t=0.10 p=0.51 stall=21 h=base)
#Bound  17.36s best:65112 next:[53000,65110] bool_core (num_cores=34 [size:3 mw:500 d:8] a=688 d=11 fixed=0/4879 clauses=29'416)
#Bound  17.71s best:65112 next:[54000,65110] bool_core (num_cores=35 [size:8 mw:500 amo:1 lit:2 d:9] a=681 d=11 fixed=0/4903 clauses=36'732)
#Bound  18.11s best:65112 next:[55000,65110] bool_core (num_cores=36 [size:7 mw:500 d:10] a=675 d=11 fixed=0/4932 clauses=38'026)
#41     18.65s best:65028 next:[56000,65026] graph_arc_lns (d=5.28e-01 s=4708 t=0.10 p=0.50 stall=3 h=base)
#42     18.67s best:64944 next:[56000,64942] quick_restart_no_lp
#Bound  18.31s best:65112 next:[56000,65110] bool_core (num_cores=37 [size:3 mw:500 d:11] a=673 d=11 fixed=0/4961 clauses=41'151) [skipped_logs=0]
#43     19.72s best:64860 next:[57000,64858] graph_cst_lns (d=5.99e-01 s=5029 t=0.10 p=0.49 stall=5 h=base)
#Bound  19.04s best:64944 next:[57000,64942] bool_core (num_cores=38 [size:4 mw:500 d:12] a=670 d=12 fixed=0/4985 clauses=46'589) [skipped_logs=0]
#44     23.03s best:64668 next:[57000,64666] rins_lp_lns (d=7.79e-01 s=5918 t=0.10 p=0.49 stall=1 h=base)
#Bound  27.12s best:64668 next:[57192,64666] bool_core (num_cores=39 [size:8 mw:96 d:3] a=663 d=12 fixed=0/5142 clauses=49'000)
#Bound  27.22s best:64668 next:[57384,64666] bool_core (num_cores=40 [size:8 mw:96 d:3] a=656 d=12 fixed=0/5155 clauses=49'347)
#Bound  27.37s best:64668 next:[57576,64666] bool_core (num_cores=41 [size:15 mw:96 d:4] a=642 d=12 fixed=0/5175 clauses=49'673)
#Bound  27.63s best:64668 next:[57768,64666] bool_core (num_cores=42 [size:18 mw:96 d:5] a=625 d=12 fixed=0/5205 clauses=53'192)
#Bound  27.80s best:64668 next:[57960,64666] bool_core (num_cores=43 [size:10 mw:96 d:4] a=616 d=12 fixed=0/5230 clauses=48'544)
#Bound  28.72s best:64668 next:[58152,64666] bool_core (num_cores=44 [size:23 mw:96 d:5] a=594 d=12 fixed=0/5260 clauses=48'423)
#Bound  28.97s best:64668 next:[58344,64666] bool_core (num_cores=45 [size:9 mw:96 d:4] a=586 d=12 fixed=0/5289 clauses=54'700)
#Bound  29.18s best:64668 next:[58536,64666] bool_core (num_cores=46 [size:2 mw:96 d:6] a=585 d=12 fixed=0/5300 clauses=48'390)
#Bound  29.29s best:64668 next:[58728,64666] bool_core (num_cores=47 [size:104 mw:96 d:13] a=565 d=13 fixed=0/5421 clauses=50'145)
#Bound  29.92s best:64668 next:[58920,64666] bool_core (num_cores=48 [size:2 mw:96 d:14] a=564 d=14 fixed=0/5598 clauses=56'962) [skipped_logs=0]
#Bound  30.88s best:64668 next:[59112,64666] bool_core (num_cores=49 [size:6 mw:96 d:15] a=559 d=15 fixed=4/5725 clauses=57'268) [skipped_logs=0]
#Bound  32.21s best:64668 next:[59304,64666] bool_core (num_cores=50 [size:150 mw:96 d:16] a=548 d=16 fixed=4/5986 clauses=52'225)
#Bound  33.98s best:64668 next:[59496,64666] bool_core (num_cores=51 [size:145 mw:96 d:17] a=548 d=17 fixed=4/6369 clauses=58'015)
#Bound  37.57s best:64668 next:[59688,64666] bool_core (num_cores=52 [size:142 mw:96 d:18] a=548 d=18 fixed=4/6814 clauses=64'674)
#Bound  42.65s best:64668 next:[59880,64666] bool_core (num_cores=53 [size:135 mw:96 d:19] a=548 d=19 fixed=7/7321 clauses=68'037)
#Bound  52.23s best:64668 next:[60072,64666] bool_core (num_cores=54 [size:107 mw:96 d:20] a=548 d=20 fixed=7/7825 clauses=72'170)
#45     66.12s best:64476 next:[60072,64474] graph_arc_lns (d=4.30e-01 s=17870 t=0.11 p=0.50 stall=19 h=base)
#Bound  73.24s best:64476 next:[60264,64474] bool_core (num_cores=55 [size:32 mw:96 d:21] a=547 d=21 fixed=7/8249 clauses=82'596)
#Bound  96.79s best:64476 next:[60456,64474] bool_core (num_cores=56 [size:126 mw:96 d:22] a=547 d=22 fixed=7/8714 clauses=96'210)
#46    166.50s best:64260 next:[60456,64258] rins_lp_lns (d=7.39e-01 s=45330 t=0.10 p=0.50 stall=4 h=base)
#47    166.53s best:64176 next:[60456,64174] graph_arc_lns (d=3.03e-01 s=45417 t=0.13 p=0.50 stall=2 h=base)
#48    171.53s best:64050 next:[60456,64048] graph_cst_lns (d=6.98e-01 s=46714 t=0.11 p=0.50 stall=19 h=base)
#Bound 192.58s best:64050 next:[60648,64048] bool_core (num_cores=57 [size:120 mw:96 d:23] a=547 d=23 fixed=7/9246 clauses=117'385)
#Bound 201.85s best:64050 next:[60690,64048] bool_core (num_cores=58 [size:8 mw:21 d:3] a=540 d=23 fixed=7/9696 clauses=121'605)
#Bound 203.75s best:64050 next:[60732,64048] bool_core (num_cores=59 [size:10 mw:21 d:4] a=531 d=23 fixed=7/9711 clauses=116'495)
#Bound 205.44s best:64050 next:[60774,64048] bool_core (num_cores=60 [size:10 mw:21 d:4] a=522 d=23 fixed=7/9728 clauses=115'731)
#Bound 207.13s best:64050 next:[60816,64048] bool_core (num_cores=61 [size:10 mw:21 d:4] a=513 d=23 fixed=7/9745 clauses=119'045)
#Bound 208.80s best:64050 next:[60858,64048] bool_core (num_cores=62 [size:10 mw:21 d:4] a=504 d=23 fixed=7/9762 clauses=121'976)
#Bound 210.02s best:64050 next:[60900,64048] bool_core (num_cores=63 [size:103 mw:21 d:24] a=462 d=24 fixed=7/9872 clauses=122'222)
#Bound 210.06s best:64050 next:[60942,64048] bool_core (num_cores=63 [cover] a=462 d=24 fixed=7/10321 clauses=123'948)
#Bound 210.12s best:64050 next:[60984,64048] bool_core (num_cores=63 [cover] a=462 d=24 fixed=8/10667 clauses=125'817)
#Bound 211.78s best:64050 next:[61026,64048] bool_core (num_cores=64 [size:10 mw:21 d:4] a=453 d=24 fixed=12/10969 clauses=121'176)
#Bound 213.01s best:64050 next:[61068,64048] bool_core (num_cores=65 [size:130 mw:21 d:25] a=422 d=25 fixed=12/11106 clauses=121'419)
#Bound 213.10s best:64050 next:[61110,64048] bool_core (num_cores=65 [cover] a=422 d=25 fixed=12/11489 clauses=123'591)
#Bound 214.58s best:64050 next:[61152,64048] bool_core (num_cores=66 [size:124 mw:21 d:26] a=410 d=26 fixed=13/11914 clauses=126'077)
#Bound 216.33s best:64050 next:[61194,64048] bool_core (num_cores=67 [size:10 mw:21 d:4] a=401 d=26 fixed=13/12327 clauses=129'273)
#Bound 217.70s best:64050 next:[61236,64048] bool_core (num_cores=68 [size:126 mw:21 d:27] a=373 d=27 fixed=13/12460 clauses=130'447)
#Bound 220.34s best:64050 next:[61278,64048] bool_core (num_cores=69 [size:1 mw:21] a=373 d=27 fixed=13/12887 clauses=129'552)
#Bound 222.21s best:64050 next:[61320,64048] bool_core (num_cores=70 [size:119 mw:21 d:28] a=361 d=28 fixed=14/13347 clauses=132'356)
#Bound 226.52s best:64050 next:[61362,64048] bool_core (num_cores=71 [size:2 mw:21 d:29] a=360 d=29 fixed=14/13762 clauses=136'947)
#Bound 233.38s best:64050 next:[61404,64048] bool_core (num_cores=72 [size:7 mw:21 d:30] a=355 d=30 fixed=15/14083 clauses=142'576)
#Bound 239.71s best:64050 next:[61446,64048] bool_core (num_cores=73 [size:6 mw:21 d:31] a=352 d=31 fixed=15/14383 clauses=153'044)
#Bound 248.89s best:64050 next:[61488,64048] bool_core (num_cores=74 [size:8 mw:21 d:32] a=345 d=32 fixed=15/14647 clauses=157'197)
#Bound 260.35s best:64050 next:[61530,64048] bool_core (num_cores=75 [size:15 mw:21 d:33] a=336 d=33 fixed=15/14907 clauses=161'191)
#Bound 274.37s best:64050 next:[61572,64048] bool_core (num_cores=76 [size:14 mw:21 d:34] a=330 d=34 fixed=15/15151 clauses=175'450)
#Bound 289.36s best:64050 next:[61614,64048] bool_core (num_cores=77 [size:12 mw:21 d:35] a=329 d=35 fixed=15/15390 clauses=183'040)
#Bound 298.71s best:64050 next:[61656,64048] bool_core (num_cores=78 [size:102 mw:21 d:36] a=317 d=36 fixed=15/15701 clauses=183'837)

Task timing                                n [     min,      max]      avg      dev     time         n [     min,      max]      avg      dev    dtime
                           'core':         1 [   5.00m,    5.00m]    5.00m   0.00ns    5.00m         1 [   8.36m,    8.36m]    8.36m   0.00ns    8.36m
                     'default_lp':         1 [   4.99m,    4.99m]    4.99m   0.00ns    4.99m         1 [   2.50m,    2.50m]    2.50m   0.00ns    2.50m
               'feasibility_pump':      2205 [ 60.54ms,    1.31s] 134.31ms  48.71ms    4.94m      2204 [ 36.49ms,    1.05s]  62.93ms  34.22ms    2.31m
                             'fj':        20 [126.62ms, 447.04ms] 170.12ms  65.25ms    3.40s        20 [100.01ms, 100.10ms] 100.05ms  32.37us    2.00s
                             'fj':        20 [129.69ms, 341.93ms] 170.00ms  44.75ms    3.40s        20 [100.01ms, 100.10ms] 100.06ms  33.45us    2.00s
                             'fj':        20 [131.23ms, 392.38ms] 168.95ms  55.31ms    3.38s        20 [100.01ms, 100.10ms] 100.06ms  31.57us    2.00s
                             'fj':        20 [135.29ms, 211.10ms] 155.14ms  16.67ms    3.10s        20 [100.01ms, 100.10ms] 100.03ms  25.16us    2.00s
                             'fj':        21 [110.53ms, 305.76ms] 161.02ms  39.34ms    3.38s        21 [100.01ms, 100.10ms] 100.03ms  29.66us    2.10s
                             'fj':        21 [116.36ms, 397.53ms] 160.08ms  55.15ms    3.36s        21 [100.01ms, 100.07ms] 100.03ms  20.55us    2.10s
                             'fj':        21 [121.51ms, 387.06ms] 163.00ms  54.55ms    3.42s        21 [100.01ms, 100.10ms] 100.04ms  30.64us    2.10s
                             'fj':        21 [124.30ms, 412.19ms] 163.04ms  58.11ms    3.42s        21 [100.01ms, 100.10ms] 100.04ms  30.72us    2.10s
                             'fj':        21 [124.39ms, 410.43ms] 160.37ms  57.42ms    3.37s        21 [100.00ms, 100.10ms] 100.05ms  33.40us    2.10s
                             'fj':        21 [128.99ms, 369.26ms] 160.73ms  48.16ms    3.38s        21 [100.01ms, 100.10ms] 100.05ms  33.04us    2.10s
                             'fj':        22 [111.99ms, 347.21ms] 154.69ms  45.35ms    3.40s        22 [100.00ms, 100.10ms] 100.06ms  31.99us    2.20s
                             'fj':        22 [118.22ms, 352.56ms] 153.86ms  46.34ms    3.38s        22 [100.00ms, 100.10ms] 100.06ms  37.74us    2.20s
                             'fj':        22 [123.94ms, 358.87ms] 153.78ms  46.82ms    3.38s        22 [100.01ms, 100.10ms] 100.06ms  33.26us    2.20s
                             'fj':        22 [125.34ms, 348.91ms] 154.61ms  43.89ms    3.40s        22 [100.01ms, 100.09ms] 100.05ms  31.18us    2.20s
                         'fj_lin':        20 [118.64ms, 210.66ms] 154.63ms  19.53ms    3.09s        20 [100.01ms, 100.10ms] 100.05ms  33.61us    2.00s
                         'fj_lin':        21 [116.23ms, 420.06ms] 160.73ms  60.35ms    3.38s        21 [100.01ms, 100.10ms] 100.05ms  35.30us    2.10s
                         'fj_lin':        21 [123.58ms, 361.44ms] 160.53ms  48.98ms    3.37s        21 [100.01ms, 100.10ms] 100.05ms  32.34us    2.10s
                         'fj_lin':        21 [126.76ms, 386.91ms] 161.49ms  53.08ms    3.39s        21 [100.01ms, 100.10ms] 100.05ms  30.83us    2.10s
                         'fj_lin':        22 [118.47ms, 318.33ms] 154.10ms  40.02ms    3.39s        22 [100.00ms, 100.10ms] 100.05ms  37.93us    2.20s
                         'fj_lin':        22 [122.59ms, 351.13ms] 154.75ms  46.54ms    3.40s        22 [100.01ms, 100.10ms] 100.06ms  36.85us    2.20s
                      'fs_random':         1 [   3.81s,    3.81s]    3.81s   0.00ns    3.81s         0 [  0.00ns,   0.00ns]   0.00ns   0.00ns   0.00ns
                      'fs_random':         1 [   3.81s,    3.81s]    3.81s   0.00ns    3.81s         1 [   1.12s,    1.12s]    1.12s   0.00ns    1.12s
                      'fs_random':         1 [   3.81s,    3.81s]    3.81s   0.00ns    3.81s         1 [   1.13s,    1.13s]    1.13s   0.00ns    1.13s
                      'fs_random':         1 [   3.81s,    3.81s]    3.81s   0.00ns    3.81s         1 [   1.15s,    1.15s]    1.15s   0.00ns    1.15s
                      'fs_random':         1 [   3.81s,    3.81s]    3.81s   0.00ns    3.81s         1 [   1.17s,    1.17s]    1.17s   0.00ns    1.17s
                      'fs_random':         1 [   3.81s,    3.81s]    3.81s   0.00ns    3.81s         1 [   1.23s,    1.23s]    1.23s   0.00ns    1.23s
                      'fs_random':         1 [   4.06s,    4.06s]    4.06s   0.00ns    4.06s         1 [   1.08s,    1.08s]    1.08s   0.00ns    1.08s
                'fs_random_no_lp':         1 [   3.81s,    3.81s]    3.81s   0.00ns    3.81s         1 [   2.06s,    2.06s]    2.06s   0.00ns    2.06s
                'fs_random_no_lp':         1 [   3.81s,    3.81s]    3.81s   0.00ns    3.81s         1 [   2.35s,    2.35s]    2.35s   0.00ns    2.35s
                'fs_random_no_lp':         1 [   3.81s,    3.81s]    3.81s   0.00ns    3.81s         1 [   2.51s,    2.51s]    2.51s   0.00ns    2.51s
                'fs_random_no_lp':         1 [   3.81s,    3.81s]    3.81s   0.00ns    3.81s         1 [   2.54s,    2.54s]    2.54s   0.00ns    2.54s
                'fs_random_no_lp':         1 [   3.81s,    3.81s]    3.81s   0.00ns    3.81s         1 [   2.65s,    2.65s]    2.65s   0.00ns    2.65s
                'fs_random_no_lp':         1 [   3.81s,    3.81s]    3.81s   0.00ns    3.81s         1 [   2.71s,    2.71s]    2.71s   0.00ns    2.71s
                'fs_random_no_lp':         1 [   3.81s,    3.81s]    3.81s   0.00ns    3.81s         1 [   2.92s,    2.92s]    2.92s   0.00ns    2.92s
        'fs_random_quick_restart':         1 [   3.81s,    3.81s]    3.81s   0.00ns    3.81s         1 [   1.07s,    1.07s]    1.07s   0.00ns    1.07s
        'fs_random_quick_restart':         1 [   3.81s,    3.81s]    3.81s   0.00ns    3.81s         1 [   1.21s,    1.21s]    1.21s   0.00ns    1.21s
        'fs_random_quick_restart':         1 [   4.06s,    4.06s]    4.06s   0.00ns    4.06s         1 [   1.04s,    1.04s]    1.04s   0.00ns    1.04s
        'fs_random_quick_restart':         1 [   4.06s,    4.06s]    4.06s   0.00ns    4.06s         1 [   1.07s,    1.07s]    1.07s   0.00ns    1.07s
        'fs_random_quick_restart':         1 [   4.06s,    4.06s]    4.06s   0.00ns    4.06s         1 [   1.08s,    1.08s]    1.08s   0.00ns    1.08s
        'fs_random_quick_restart':         1 [   4.09s,    4.09s]    4.09s   0.00ns    4.09s         1 [   1.13s,    1.13s]    1.13s   0.00ns    1.13s
  'fs_random_quick_restart_no_lp':         1 [   3.81s,    3.81s]    3.81s   0.00ns    3.81s         1 [   1.41s,    1.41s]    1.41s   0.00ns    1.41s
  'fs_random_quick_restart_no_lp':         1 [   3.81s,    3.81s]    3.81s   0.00ns    3.81s         1 [   1.42s,    1.42s]    1.42s   0.00ns    1.42s
  'fs_random_quick_restart_no_lp':         1 [   3.81s,    3.81s]    3.81s   0.00ns    3.81s         1 [   1.44s,    1.44s]    1.44s   0.00ns    1.44s
  'fs_random_quick_restart_no_lp':         1 [   3.81s,    3.81s]    3.81s   0.00ns    3.81s         1 [   1.45s,    1.45s]    1.45s   0.00ns    1.45s
  'fs_random_quick_restart_no_lp':         1 [   3.81s,    3.81s]    3.81s   0.00ns    3.81s         1 [   1.45s,    1.45s]    1.45s   0.00ns    1.45s
  'fs_random_quick_restart_no_lp':         1 [   3.81s,    3.81s]    3.81s   0.00ns    3.81s         1 [   1.47s,    1.47s]    1.47s   0.00ns    1.47s
  'fs_random_quick_restart_no_lp':         1 [   3.81s,    3.81s]    3.81s   0.00ns    3.81s         1 [   1.49s,    1.49s]    1.49s   0.00ns    1.49s
                  'graph_arc_lns':      3316 [  6.73ms, 650.41ms] 242.00ms 142.34ms   13.37m      3316 [403.00ns, 184.80ms]  80.83ms  55.74ms    4.47m
                  'graph_cst_lns':      3420 [  9.65ms, 534.63ms] 234.00ms 117.67ms   13.34m      3420 [266.00ns, 108.94ms]  66.44ms  44.95ms    3.79m
                  'graph_dec_lns':      3026 [  7.56ms, 894.71ms] 265.84ms 163.10ms   13.41m      3026 [ 10.00ns, 127.00ms]  64.15ms  52.21ms    3.24m
                  'graph_var_lns':      3726 [  3.96ms, 508.65ms] 215.03ms 109.44ms   13.35m      3726 [ 10.00ns, 104.77ms]  64.48ms  43.24ms    4.00m
                   'lb_relax_lns':       267 [   1.31s,    5.37s]    3.15s 803.69ms   14.02m       267 [   1.33s,    5.11s]    2.52s 775.12ms   11.23m
                 'lb_tree_search':         1 [   5.00m,    5.00m]    5.00m   0.00ns    5.00m         1 [   2.86m,    2.86m]    2.86m   0.00ns    2.86m
                             'ls':      2786 [ 24.44ms, 216.51ms] 105.50ms  21.02ms    4.90m      2786 [ 19.61ms, 100.07ms]  99.99ms   1.52ms    4.64m
                             'ls':      2787 [ 68.18ms, 187.80ms] 105.48ms  20.12ms    4.90m      2787 [ 60.07ms, 100.07ms] 100.01ms 756.79us    4.65m
                             'ls':      2797 [ 64.08ms, 205.92ms] 105.11ms  20.12ms    4.90m      2797 [ 89.39ms, 100.08ms] 100.02ms 201.34us    4.66m
                             'ls':      2798 [ 64.63ms, 197.77ms] 105.08ms  19.86ms    4.90m      2798 [ 12.35ms, 100.07ms]  99.99ms   1.66ms    4.66m
                             'ls':      2801 [  3.94ms, 200.98ms] 104.98ms  20.99ms    4.90m      2801 [  2.84ms, 100.07ms]  99.98ms   1.86ms    4.67m
                             'ls':      2824 [  2.55ms, 220.42ms] 104.11ms  20.43ms    4.90m      2824 [ 49.61us, 100.06ms]  99.96ms   2.36ms    4.70m
                             'ls':      2832 [ 35.39ms, 205.90ms] 103.75ms  20.89ms    4.90m      2832 [ 28.47ms, 100.07ms]  99.98ms   1.54ms    4.72m
                             'ls':      2861 [ 65.26ms, 236.34ms] 102.71ms  19.96ms    4.90m      2861 [ 72.72ms, 100.07ms] 100.01ms 510.53us    4.77m
                             'ls':      2868 [  1.19ms, 202.18ms] 102.45ms  20.22ms    4.90m      2868 [ 87.26us, 100.09ms]  99.93ms   2.92ms    4.78m
                             'ls':      2917 [ 66.01ms, 191.38ms] 100.70ms  18.70ms    4.90m      2917 [ 86.59ms, 100.08ms] 100.02ms 248.99us    4.86m
                             'ls':      2918 [ 65.18ms, 202.72ms] 100.75ms  18.08ms    4.90m      2918 [ 91.22ms, 100.08ms] 100.02ms 163.40us    4.86m
                         'ls_lin':      2778 [ 36.47ms, 207.61ms] 105.79ms  20.52ms    4.90m      2778 [ 36.03ms, 100.07ms]  99.98ms   1.47ms    4.63m
                         'ls_lin':      2778 [ 66.09ms, 196.66ms] 105.81ms  19.59ms    4.90m      2778 [ 74.57ms, 100.06ms] 100.01ms 483.01us    4.63m
                         'ls_lin':      2783 [ 66.31ms, 200.01ms] 105.61ms  19.52ms    4.90m      2783 [ 71.62ms, 100.07ms] 100.01ms 538.42us    4.64m
                         'ls_lin':      2790 [  1.11ms, 198.24ms] 105.39ms  19.36ms    4.90m      2789 [ 42.30ms, 100.09ms] 100.00ms   1.09ms    4.65m
                         'ls_lin':      2803 [  8.40ms, 197.71ms] 104.83ms  19.28ms    4.90m      2803 [  7.35ms, 100.07ms]  99.96ms   2.00ms    4.67m
                         'max_lp':         1 [   5.00m,    5.00m]    5.00m   0.00ns    5.00m         1 [   3.18m,    3.18m]    3.18m   0.00ns    3.18m
                          'no_lp':         1 [   4.99m,    4.99m]    4.99m   0.00ns    4.99m         1 [   4.56m,    4.56m]    4.56m   0.00ns    4.56m
            'objective_lb_search':         1 [   4.99m,    4.99m]    4.99m   0.00ns    4.99m         1 [   2.37m,    2.37m]    2.37m   0.00ns    2.37m
     'objective_lb_search_max_lp':         1 [   4.99m,    4.99m]    4.99m   0.00ns    4.99m         1 [   3.31m,    3.31m]    3.31m   0.00ns    3.31m
      'objective_lb_search_no_lp':         1 [   4.99m,    4.99m]    4.99m   0.00ns    4.99m         1 [   3.34m,    3.34m]    3.34m   0.00ns    3.34m
       'objective_shaving_max_lp':      1300 [ 10.55ms, 295.08ms] 228.18ms  32.20ms    4.94m      1281 [ 12.72ms,  57.96ms]  52.67ms   6.50ms    1.12m
        'objective_shaving_no_lp':      1472 [ 12.83ms, 328.30ms] 201.41ms  26.46ms    4.94m      1447 [  6.26ms,  50.84ms]  49.06ms   5.41ms    1.18m
                        'probing':         1 [   5.00m,    5.00m]    5.00m   0.00ns    5.00m         1 [  11.61s,   11.61s]   11.61s   0.00ns   11.61s
                 'probing_max_lp':         1 [   5.00m,    5.00m]    5.00m   0.00ns    5.00m         1 [  45.99s,   45.99s]   45.99s   0.00ns   45.99s
                  'probing_no_lp':         1 [   5.00m,    5.00m]    5.00m   0.00ns    5.00m         1 [   3.07m,    3.07m]    3.07m   0.00ns    3.07m
                   'pseudo_costs':         1 [   5.00m,    5.00m]    5.00m   0.00ns    5.00m         1 [   2.62m,    2.62m]    2.62m   0.00ns    2.62m
                  'quick_restart':         1 [   4.99m,    4.99m]    4.99m   0.00ns    4.99m         1 [   2.27m,    2.27m]    2.27m   0.00ns    2.27m
            'quick_restart_no_lp':         1 [   4.99m,    4.99m]    4.99m   0.00ns    4.99m         1 [   4.37m,    4.37m]    4.37m   0.00ns    4.37m
                  'reduced_costs':         1 [   5.00m,    5.00m]    5.00m   0.00ns    5.00m         1 [   3.92m,    3.92m]    3.92m   0.00ns    3.92m
                      'rins/rens':      4357 [723.99us, 594.93ms] 182.67ms 121.55ms   13.27m      3798 [  9.22us, 100.59ms]  64.44ms  41.32ms    4.08m
                    'rnd_cst_lns':      2944 [  8.28ms, 724.89ms] 271.52ms 156.40ms   13.32m      2934 [ 10.00ns, 127.18ms]  67.29ms  52.53ms    3.29m
                    'rnd_var_lns':      2990 [  4.70us, 672.23ms] 265.99ms 156.67ms   13.26m      2985 [ 10.00ns, 124.67ms]  65.35ms  50.53ms    3.25m
              'variables_shaving':      2215 [274.56ms, 599.60ms] 361.86ms  59.55ms   13.36m      2215 [ 38.30ms, 101.02ms]  72.93ms  21.97ms    2.69m
       'variables_shaving_max_lp':      1608 [467.58ms, 703.64ms] 500.59ms  13.88ms   13.42m      1608 [100.00ms, 100.30ms] 100.18ms  75.83us    2.68m
        'variables_shaving_no_lp':      3691 [172.05ms, 455.48ms] 216.54ms  35.52ms   13.32m      3691 [  6.64ms, 120.80ms]  17.43ms  19.83ms    1.07m

Search stats                         Bools  Conflicts    Branches   Restarts     BoolPropag  IntegerPropag
                           'core':  16'011  1'927'515   7'472'475    408'656  1'506'822'518    174'255'306
                     'default_lp':   5'784    158'385   4'476'303  1'040'106     70'516'928     71'528'312
                      'fs_random':   4'339        243      67'599     24'787        324'015        387'158
                      'fs_random':   4'339        285     101'062     36'350        456'266        534'220
                      'fs_random':   4'339        346      77'424     28'736        373'286        433'897
                      'fs_random':   4'339        372      50'568     20'436        252'276        302'489
                      'fs_random':   4'339        453      90'435     32'651        429'023        503'783
                      'fs_random':   4'479        280      92'078     32'931        427'293        500'402
                      'fs_random':   4'798        324      49'040     20'476        252'141        279'400
                'fs_random_no_lp':   5'272     48'751     546'462     58'091      9'354'651      8'069'439
                'fs_random_no_lp':   5'471     51'256     568'114     54'212     10'023'393      7'329'210
                'fs_random_no_lp':   5'511     54'581     705'880     65'915     11'581'880      5'588'249
                'fs_random_no_lp':   5'661     48'041     505'361     45'651      9'521'427      5'780'868
                'fs_random_no_lp':   5'821     42'251     472'475     58'240      9'900'193      7'736'789
                'fs_random_no_lp':   5'831     36'758     519'016     55'986      7'693'394      7'007'487
                'fs_random_no_lp':   5'909     46'316     548'180     56'561     11'182'345      6'181'066
        'fs_random_quick_restart':   4'339        100     131'235     47'433        569'613        653'486
        'fs_random_quick_restart':   4'343        137     156'493     55'532        679'834        787'688
        'fs_random_quick_restart':   4'355        135     144'313     51'567        630'636        725'169
        'fs_random_quick_restart':   4'370        139     156'850     55'393        686'583        790'102
        'fs_random_quick_restart':   4'380        108     145'498     51'334        632'470        724'838
        'fs_random_quick_restart':   4'507        128     146'609     51'569        653'055        736'634
  'fs_random_quick_restart_no_lp':   5'394     11'787     630'559     55'764      5'919'050      6'777'650
  'fs_random_quick_restart_no_lp':   5'473     11'799     615'106     55'963      5'755'682      6'682'346
  'fs_random_quick_restart_no_lp':   5'485     11'721     616'302     55'981      5'867'636      6'670'081
  'fs_random_quick_restart_no_lp':   5'493     11'490     607'842     55'175      5'763'380      6'565'966
  'fs_random_quick_restart_no_lp':   5'523     12'390     650'623     54'711      5'997'404      6'891'091
  'fs_random_quick_restart_no_lp':   5'561     11'724     640'597     56'251      5'916'875      6'675'016
  'fs_random_quick_restart_no_lp':   5'728     11'294     640'663     57'230      5'851'108      6'504'579
                 'lb_tree_search':   4'339         62     319'862    107'325      1'310'740      2'434'070
                         'max_lp':   4'416      1'072     151'594     51'436        826'606      1'852'082
                          'no_lp':   4'339  3'203'106  10'956'520    908'839    440'181'141    513'732'225
            'objective_lb_search':   5'831    114'573   7'223'577  1'912'076     83'346'599     89'231'885
     'objective_lb_search_max_lp':   4'403      3'346     167'662     54'789      1'842'711      3'864'399
      'objective_lb_search_no_lp':   6'236  3'039'582  15'612'948  2'203'484    499'614'239    604'843'784
                        'probing':   4'371          0       9'002      9'002         51'395         54'128
                 'probing_max_lp':   4'347          0       8'762      8'762         49'553         91'664
                  'probing_no_lp':   6'620  1'633'242  12'954'352  1'230'860    455'439'764    397'665'883
                   'pseudo_costs':   4'409      1'452     210'654     65'907      1'066'574      2'049'237
                  'quick_restart':   6'472      9'196   8'772'273  2'434'193     71'828'085     72'726'570
            'quick_restart_no_lp':   7'882    778'938  26'140'660    936'125    469'526'713    382'480'395
                  'reduced_costs':   4'342      4'304     310'747     95'646      2'076'048      4'631'644

SAT stats                           ClassicMinim  LitRemoved   LitLearned  LitForgotten  Subsumed   MClauses  MDecisions  MLitTrue  MSubsumed  MLitRemoved  MReused
                           'core':     1'763'948  36'845'462  164'204'379   155'975'370     8'177    247'223   1'961'566        50     35'143      903'042   31'664
                     'default_lp':       143'420   2'125'888   13'173'930    11'943'992       604    735'617   2'540'142         0      3'054       19'397   97'412
                      'fs_random':           125         263        2'788             0         2     12'149      24'758         0        237          801    5'050
                      'fs_random':           130         295        1'916             0         2     10'963      22'832         0        224          761    4'301
                      'fs_random':           142         298        3'087             0         1      8'985      18'401         0        216          705    3'578
                      'fs_random':           151         285        1'972             0         1      5'186      10'000         0        171          523    2'280
                      'fs_random':           157         289        2'501             0         7      5'214      10'148         0        180          550    2'230
                      'fs_random':           185         516        5'077             0         4     10'655      21'929         0        217          703    4'291
                      'fs_random':            98         176        1'896             0         1      7'289      14'870         0        214          689    2'930
                'fs_random_no_lp':        17'363      72'502    1'077'730       603'556       891     38'031     123'214         0      1'453        8'801    5'428
                'fs_random_no_lp':        17'431      62'964      963'688       311'310       730     37'386     123'969         0      2'171       13'445    5'431
                'fs_random_no_lp':        19'701      76'417    1'137'386       585'016       548     39'870     132'343         0      1'846       11'721    5'912
                'fs_random_no_lp':        21'079      84'190    1'655'282     1'067'063       816     45'439     151'451         0      1'951       12'731    6'818
                'fs_random_no_lp':        26'218     158'164    1'721'670     1'044'116       598     35'530     115'443         0      1'434        8'949    5'223
                'fs_random_no_lp':        27'325     108'857    1'591'110     1'013'940       587     39'617     128'565         0      1'599        9'952    5'538
                'fs_random_no_lp':        28'450     195'304    1'313'913       725'202       430     26'669      82'536         0      1'216        7'390    4'945
        'fs_random_quick_restart':            43         108          945             0         0     16'215      32'347         0        226          701    6'804
        'fs_random_quick_restart':            48          85          674             0         2     17'842      36'010         0        223          697    7'446
        'fs_random_quick_restart':            57          86          660             0         0     19'882      40'139         0        231          751    8'290
        'fs_random_quick_restart':            63         119          830             0         1     18'029      36'551         0        240          768    7'403
        'fs_random_quick_restart':            64         168          999             0         1     18'060      36'605         0        228          737    7'428
        'fs_random_quick_restart':            85         192          971             0         0     19'633      39'822         0        236          772    8'151
  'fs_random_quick_restart_no_lp':         5'709      17'592      120'032             0       225     37'291     115'891         0      1'680        9'924    4'863
  'fs_random_quick_restart_no_lp':         5'809      19'501      152'246             0       166     36'204     112'541         0      1'580        9'311    4'616
  'fs_random_quick_restart_no_lp':         5'867      22'382      137'759             0       203     35'086     108'309         0      1'496        8'898    4'695
  'fs_random_quick_restart_no_lp':         5'967      22'437      146'111             0       164     35'954     112'146         0      1'575        9'461    4'765
  'fs_random_quick_restart_no_lp':         6'048      18'343      129'233             0       182     35'612     110'464         0      1'535        9'024    4'625
  'fs_random_quick_restart_no_lp':         6'102      21'809      140'046             0       165     36'007     110'585         0      1'559        9'068    4'798
  'fs_random_quick_restart_no_lp':         6'298      21'005      141'288             0       206     34'746     107'042         0      1'499        8'815    4'939
                 'lb_tree_search':            22         182          856             0         0     39'485      78'167         0        230          702   17'120
                         'max_lp':           955      72'589      151'894             0         2     17'955      36'655         0        234          759    7'461
                          'no_lp':     3'092'192  78'537'977  277'544'247   275'194'672     7'391    824'817   3'812'590         0     16'669      140'473   81'325
            'objective_lb_search':       108'817   1'687'253    8'878'439     3'659'390       188  1'255'667   3'991'603         0      2'400       13'516  187'356
     'objective_lb_search_max_lp':         3'042     116'121      240'602             0        11     21'736      48'302         0        300        1'231    7'919
      'objective_lb_search_no_lp':     2'980'915  43'481'475  287'802'122   267'609'284     3'896  1'845'997   6'954'329         0     11'357       75'158  175'759
                        'probing':             0           0            0             0         0          0           0         0          0            0        0
                 'probing_max_lp':             0           0            0             0         0          0           0         0          0            0        0
                  'probing_no_lp':     1'500'883  23'258'658  128'041'407   124'795'190     3'133     88'819     400'454         0      8'359       64'367    8'330
                   'pseudo_costs':           755      16'186       77'922             0        18     26'049      57'979         0        264        1'006    9'905
                  'quick_restart':         6'529      89'820      523'702             0        95  1'389'347   3'719'850         0      1'111        5'408  234'809
            'quick_restart_no_lp':       680'675  14'480'107   83'471'142    80'486'383     2'559    778'046   2'987'985         0     30'046      196'175   44'438
                  'reduced_costs':         4'129     583'083      713'239             0         3     36'749      77'701         0        281          956   14'073

Lp stats                         Component  Iterations  AddedCuts  OPTIMAL  DUAL_F.  DUAL_U.
                  'default_lp':         49     992'126      9'013  223'008        0    1'310
                   'fs_random':         49      18'394      1'485    3'926        1       26
                   'fs_random':         49      18'535      1'645    3'522        1       39
                   'fs_random':         49      18'650      2'149    2'968        0       33
                   'fs_random':         49      18'863      1'894    3'988        0       43
                   'fs_random':         49      19'013      2'044    3'535        1       55
                   'fs_random':         49      20'996      1'874    4'176        0       29
                   'fs_random':         49      22'469      1'792    3'108        1       17
     'fs_random_quick_restart':         49      14'587      2'747    3'239        0       21
     'fs_random_quick_restart':         49      15'222      2'596    3'264        0        1
     'fs_random_quick_restart':         49      15'663      2'812    3'220        1       14
     'fs_random_quick_restart':         49      15'680      2'723    3'201        1       11
     'fs_random_quick_restart':         49      15'971      2'759    3'126        0       20
     'fs_random_quick_restart':         49      17'336      2'906    3'028        1       10
              'lb_tree_search':          1     658'995     55'212    7'516      370       22
                      'max_lp':          1     853'844     29'244    8'247      605      116
         'objective_lb_search':         49     911'579     10'505  209'291        0      384
  'objective_lb_search_max_lp':          1   1'074'342     30'601   11'461    2'552      116
                     'probing':         49       8'053     10'243   56'523        0        0
              'probing_max_lp':          1      51'776     42'365      143        4        0
                'pseudo_costs':          1     725'407     33'033    8'302    1'456      275
               'quick_restart':         49   1'129'948     12'195  169'914        6      592
               'reduced_costs':          1   1'469'055     26'571   12'275    6'277      208

Lp dimension                          Final dimension of first component
                  'default_lp':     999 rows, 2326 columns, 5086 entries
                   'fs_random':    1018 rows, 2326 columns, 5045 entries
                   'fs_random':    1031 rows, 2326 columns, 5020 entries
                   'fs_random':    1049 rows, 2326 columns, 5084 entries
                   'fs_random':    1060 rows, 2326 columns, 5084 entries
                   'fs_random':    1101 rows, 2326 columns, 5348 entries
                   'fs_random':    1112 rows, 2326 columns, 5460 entries
                   'fs_random':    1197 rows, 2326 columns, 6428 entries
     'fs_random_quick_restart':    1153 rows, 2326 columns, 6428 entries
     'fs_random_quick_restart':    1205 rows, 2326 columns, 6237 entries
     'fs_random_quick_restart':    1215 rows, 2326 columns, 6171 entries
     'fs_random_quick_restart':    1255 rows, 2326 columns, 6589 entries
     'fs_random_quick_restart':    1301 rows, 2326 columns, 7086 entries
     'fs_random_quick_restart':    1360 rows, 2326 columns, 6782 entries
              'lb_tree_search':   6276 rows, 6312 columns, 21036 entries
                      'max_lp':   6412 rows, 6312 columns, 19854 entries
         'objective_lb_search':    1001 rows, 2326 columns, 5157 entries
  'objective_lb_search_max_lp':   7353 rows, 6312 columns, 23699 entries
                     'probing':  1653 rows, 2326 columns, 144527 entries
              'probing_max_lp':  19162 rows, 6312 columns, 83978 entries
                'pseudo_costs':   7661 rows, 6312 columns, 23467 entries
               'quick_restart':    1312 rows, 2326 columns, 7922 entries
               'reduced_costs':   7758 rows, 6312 columns, 23313 entries

Lp debug                         CutPropag  CutEqPropag   Adjust  Overflow        Bad  BadScaling
                  'default_lp':          0           13  175'203         0    157'535           0
                   'fs_random':          0            0    1'800         0     12'193           0
                   'fs_random':          0            0    2'020         0      9'762           0
                   'fs_random':          0            0    2'351         0      7'476           0
                   'fs_random':          0            0    2'355         0     11'229           0
                   'fs_random':          0            0    2'651         0     11'010           0
                   'fs_random':          0            0    2'657         0      7'576           0
                   'fs_random':          0            0    2'810         0      4'699           0
     'fs_random_quick_restart':          0            0    1'463         0     29'240           0
     'fs_random_quick_restart':          0            0    1'549         0     29'824           0
     'fs_random_quick_restart':          0            0    1'566         0     28'529           0
     'fs_random_quick_restart':          0            0    1'610         0     28'069           0
     'fs_random_quick_restart':          0            0    1'665         0     22'091           0
     'fs_random_quick_restart':          0            3    1'586         0     23'877           0
              'lb_tree_search':          0            8    7'907         0    547'007           0
                      'max_lp':          0            1    8'958         0     94'551           0
         'objective_lb_search':          0            9  155'620         0    184'436           0
  'objective_lb_search_max_lp':          0            0   14'093         0     79'246           0
                     'probing':          0          746    1'750         1  1'336'447           0
              'probing_max_lp':          0           23      147         0  1'766'982           0
                'pseudo_costs':          0            1   10'000         0     74'733           0
               'quick_restart':          0            5  125'048         0    177'082           0
               'reduced_costs':          0            0   18'709         0     41'163           0

Lp pool                          Constraints  Updates  Simplif  Merged  Shortened  Split  Strenghtened       Cuts/Call
                  'default_lp':       10'352      652       10       3          0    701           128    9'013/66'683
                   'fs_random':        2'827        6        0       0          0      3            10     1'485/2'997
                   'fs_random':        2'987       11        0       0          0      2             7     1'645/3'543
                   'fs_random':        3'134       33        0       0          0      0             3     1'792/3'697
                   'fs_random':        3'216       28        0       0          0      4            18     1'874/3'996
                   'fs_random':        3'236        2        0       0          0      0            19     1'894/4'131
                   'fs_random':        3'386        7        0       0          0      0            10     2'044/4'294
                   'fs_random':        3'491       29        0       0          0      9            34     2'149/4'847
     'fs_random_quick_restart':        3'938      112        0       0          0     75            20     2'596/5'685
     'fs_random_quick_restart':        4'065      107        0       0          0     19            63     2'723/5'945
     'fs_random_quick_restart':        4'089      107        0       0          0     16            39     2'747/6'134
     'fs_random_quick_restart':        4'101       68        0       0          0     19            42     2'759/6'452
     'fs_random_quick_restart':        4'154      107        0       0          0      0            84     2'812/6'480
     'fs_random_quick_restart':        4'248      140        0       0          0     10            20     2'906/6'384
              'lb_tree_search':       24'869    2'102       11       0          0  9'731           265  55'212/193'825
                      'max_lp':       24'900      943       12       1          0  3'038            73   29'244/77'941
         'objective_lb_search':       10'845      861       10       2          0  1'446           152   10'505/70'066
  'objective_lb_search_max_lp':       25'258      355       10       0          0    107            96   30'601/69'383
                     'probing':       10'585   11'207       10       0          0    150           115   10'243/22'916
              'probing_max_lp':       25'022    4'095        0       0          0  6'349           200  42'365/170'417
                'pseudo_costs':       24'690      318       11       0          0    281           139   33'033/74'862
               'quick_restart':       10'536      839       10       1          0    539           184  12'195/104'626
               'reduced_costs':       25'228      100       10       0          0    131           196   26'571/69'988

Lp Cut            fs_ran  fs_ran  fs_ran  fs_ran  fs_ran  fs_ran  fs_ran  fs_ran  fs_ran  fs_ran  fs_ran  fs_ran  fs_ran  defaul  quick_  object  object  max_lp  reduce  pseudo  lb_tre  probin  probin
          CG_FF:      40      71      43      32      43      42      78      39      86      63      74      32      65     331     501     442      55      43      75      52     155     226      62
           CG_K:      24      53      39      25      29      27      58      28      54      51      47      25      61     264     375     333      37      22      24      25      88     193      25
          CG_KL:       -       1       1       -       -       -       1       1       1       1       2       -       -       1       4       -      31      16      24      22      59       3      18
           CG_R:      50      91      48      36      53      48      90      48      97      82      75      31      79     378     605     565      44      44      39      37     218     585     139
          CG_RB:      48     111      61      40      79      42     103      51     107      95      90      27      66     531     645     725      84      72      97      73     284   1'508     260
         CG_RBP:      16      64      26      25      36      21      53      19      54      43      33       7      35     251     282     335      31      27      25      24     133     639     111
         Clique:       -       -       -       -       -       -       -       -       -       -       -       -       -       -       -       -      65      71      50      67     217       -     260
             IB:   1'078   1'138   1'016   1'091   1'007   1'032   1'041   1'052   1'087   1'053   1'036   1'019   1'034   1'620   2'172   1'877  20'361  17'486  18'088  23'540  14'920     792     766
       MIR_1_FF:      33      60      33      33      39      18      60      21      49      59      65       9      53     177     216     184     437     351     211     423     855     161   1'028
        MIR_1_K:      19      35      20       8      18       7      31      14      20      28      46      15      22      95     104      86     385     339     319     375     645     101     775
       MIR_1_KL:       -       -       -       -       1       -       1       -       -       -       2       -       -       2       4       1     228     207     143     214     431       2     488
        MIR_1_R:       -       2       -       1       -       -       -       -       -       -       -       -       -       1       4       8       6       3       -       3      13      15       9
       MIR_1_RB:       8      13       5       7       3       -       8       -       6       5      10       -       3      38      37      33      88      55      66      54     188      73     141
      MIR_1_RBP:       4       2       2       3       4       2       3       -       1       4       9       1       5      19       9      17      30      12      16      15      58      31      54
      MIR_1_RLT:       -       -       -       -       -       -       -       -       -       -       -       -       -       -       -       -       2       -       3       3       -       -       -
       MIR_2_FF:      27      57      24      25      27      10      28      18      51      52      45       4      43     152     175     147     442     392     347     428   1'093     112   1'377
        MIR_2_K:      22      37      20      16      27      12      37      27      37      38      43      10      38     134     167     150     378     314     291     357     885     101   1'070
       MIR_2_KL:       2       -       1       -       -       -       4       -       -       1       2       -       2       3       3       2     399     320     262     385     821       5     958
        MIR_2_R:       -       2       -       1       1       -       -       -       -       -       -       -       -       2       2      11       3       3       -       1      19      13      11
       MIR_2_RB:      24      21      14      15      16       8      36      12      20      29      31       9      56     106     125     118     153     106     154     121     370     137     215
      MIR_2_RBP:       5       4       2       5       4       2      11       4       3       3      10       -      35      30      27      54      49      26      31      30      99      58     120
       MIR_3_FF:      36      50      30      33      33      23      58      32      50      45      59      14      46     183     228     189     535     548     380     509   1'658      97   1'815
        MIR_3_K:      42      59      27      32      25      24      56      37      46      39      64      16      49     197     284     187     369     365     325     359   1'227      82   1'355
       MIR_3_KL:       3       -       4       -       -       -       1       -       -       -       2       -       1       2       2       -     461     429     325     428   1'217       -   1'328
        MIR_3_R:       -       4       -       1       -       -       -       -       1       -       -       1       -       4       9       7      15      26      22       9      79      20      47
       MIR_3_RB:      35      51      15      18      31      12      46      17      41      44      40      11      59     173     211     165     172     166     178     165     513     110     275
      MIR_3_RBP:       7      11       5       5       2       2       8       1       7       7       7       -      23      33      39      51      47      35      57      33     147      43     148
       MIR_4_FF:      36      59      24      28      34      33      58      30      45      55      52      12      41     221     307     213     439     620     394     410   2'111      92   2'220
        MIR_4_K:      48      62      23      24      37      23      52      34      50      56      59      10      38     219     300     219     328     366     267     277   1'394      61   1'473
       MIR_4_KL:       1       1       3       1       -       -       2       1       3       2       1       -       1       5       2       4     367     518     280     321   1'622       7   1'633
        MIR_4_R:       1       2       -       3       -       3       1       -       2       3       4       -       2       7      13      11      18      30      43      17     120       6     121
       MIR_4_RB:      45      46      18      19      54      18      56      28      35      61      44      12      42     216     273     241     225     201     166     149     619      95     485
      MIR_4_RBP:       5       7       1       6       8       2       7       2       8       6       6       2      17      33      44      41      45      39      55      42     209      20     215
       MIR_5_FF:      27      51      25      32      33      26      57      19      60      57      40      10      46     232     381     234     328     557     281     329   2'209      59   2'357
        MIR_5_K:      29      52      21      18      32       9      53      19      47      50      38       8      35     234     359     219     226     377     220     243   1'364      43   1'363
       MIR_5_KL:       1       1       -       -       1       -       1       -       1       -       2       -       1       -       2       1     269     503     209     269   1'677       -   1'731
        MIR_5_R:       -       3       -       2       -       -       1       1       2       -       -       -       -      12      13      10      27      64      31      10     193       6     167
       MIR_5_RB:      41      52      19      10      35       7      49      27      52      62      53      14      60     232     311     261     157     203     165     143     680      91     487
      MIR_5_RBP:       7       5       3       5       3       1      13       4      12       7       7       1      23      50      46      47      25      45      42      35     271      19     235
       MIR_6_FF:      24      51      21      20      40      20      64      29      47      62      56       9      46     257     352     278     291     451     236     264   2'024      66   2'213
        MIR_6_K:      25      40      20      20      39      10      58      26      43      54      43      16      32     237     301     245     177     300     183     167   1'260      55   1'245
       MIR_6_KL:       -       -       -       -       -       -       -       -       -       -       -       -       1       -       -       1     227     419     155     200   1'617       -   1'586
        MIR_6_R:       -       2       1       -       2       1       -       -       1       -       5       -       1       5      12       6      25      57      29      14     220       6     199
       MIR_6_RB:      28      48      30      24      29       6      57      31      49      47      41      17      57     236     306     279     148     197     160     117     738      92     470
      MIR_6_RBP:       5       7       7       3       4       1       5       2      10       7       6       2      22      25      39      46      41      57      44      39     273      17     308
   ZERO_HALF_FF:      26      68      42      40      87      34     107      44      89      71      86      29      93     325     445     342     297     396     328     287   1'174     262     707
    ZERO_HALF_K:      16      39      25       7      24      26      36      36      40      37      55      17      42     148     171      87      85     172     179     157     375      95     244
   ZERO_HALF_KL:       -       -       -       -       -       1       1       2       1       2       -       -       -       2       4       1      89     225     170     172     429       -     273
    ZERO_HALF_R:     142     321     130      69     194      78     291     118     292     301     335      74     197   1'456   2'053   1'865   1'498   1'549     994   1'277   6'736   3'755   8'033
   ZERO_HALF_RB:       7      27      13       4       5       9       7      13      25      20      12      16      15      73      98      73     234     287     283     239     890      83     942
  ZERO_HALF_RBP:       7      25      12       5      10       5      24       7      15      21      22       5       9      61     133      94     128     133     105     103     615     206     803

LNS stats           Improv/Calls  Closed  Difficulty  TimeLimit
  'graph_arc_lns':      134/3316     50%    3.60e-01       0.18
  'graph_cst_lns':      282/3420     50%    6.67e-01       0.11
  'graph_dec_lns':      400/3026     50%    8.68e-01       0.13
  'graph_var_lns':      410/3726     50%    6.31e-01       0.10
   'lb_relax_lns':        30/267     56%    9.31e-01       0.50
      'rins/rens':     1138/3832     50%    7.13e-01       0.10
    'rnd_cst_lns':      351/2934     50%    8.51e-01       0.13
    'rnd_var_lns':      365/2985     50%    8.48e-01       0.12

LS stats                                        Batches  Restarts/Perturbs     LinMoves    GenMoves  CompoundMoves   Bactracks  WeightUpdates  ScoreComputed
                             'fj_lin_restart':        2                  2      134'634           0              0           0          2'913        971'071
                    'fj_lin_restart_compound':       22                  8            0   1'391'146        344'736     523'157          1'837     12'746'049
                'fj_lin_restart_compound_obj':       12                  7            0     731'092        238'323     246'339            996      7'339'314
            'fj_lin_restart_compound_perturb':       19                  6            0   1'230'494        263'022     483'686          1'620     10'897'655
        'fj_lin_restart_compound_perturb_obj':        2                  2            0     123'638         49'168      37'204            191      1'290'778
                       'fj_lin_restart_decay':        4                  2      325'712           0              0           0          1'075      1'602'455
              'fj_lin_restart_decay_compound':        4                  3            0     245'568        138'479      53'539            157      2'622'881
          'fj_lin_restart_decay_compound_obj':        6                  3            0     366'503        195'305      85'586            203      3'832'989
      'fj_lin_restart_decay_compound_perturb':       12                  7            0     746'234        411'921     167'138            431      7'806'304
  'fj_lin_restart_decay_compound_perturb_obj':        5                  3            0     319'253        176'043      71'590            180      3'319'067
                   'fj_lin_restart_decay_obj':        5                  2      407'676           0              0           0          1'340      2'006'173
               'fj_lin_restart_decay_perturb':        9                  6      732'868           0              0           0          2'486      3'604'292
           'fj_lin_restart_decay_perturb_obj':       10                  4      815'912           0              0           0          2'699      4'006'692
                         'fj_lin_restart_obj':        3                  3      201'332           0              0           0          4'451      1'480'349
                     'fj_lin_restart_perturb':        1                  1       67'117           0              0           0          1'424        502'876
                 'fj_lin_restart_perturb_obj':       11                  3      738'373           0              0           0         24'487      5'792'807
                                 'fj_restart':       17                  9    1'134'089           0              0           0         31'566      8'679'873
                        'fj_restart_compound':       15                  8            0     924'602        280'767     321'886          1'259      9'014'215
                    'fj_restart_compound_obj':       18                 10            0   1'120'784        352'980     383'861          1'507     10'973'624
                'fj_restart_compound_perturb':       17                  7            0   1'080'101        261'767     409'115          1'458      9'900'021
            'fj_restart_compound_perturb_obj':       22                 10            0   1'421'601        362'108     529'685          2'090     13'118'840
                           'fj_restart_decay':       36                  9    2'947'225           0              0           0          9'593     14'437'532
                  'fj_restart_decay_compound':       25                 11            0   1'559'395        853'452     352'923            851     16'179'945
              'fj_restart_decay_compound_obj':       17                 11            0   1'036'287        579'935     228'123            622     10'964'617
          'fj_restart_decay_compound_perturb':        6                  4            0     368'893        204'841      82'015            219      3'935'000
      'fj_restart_decay_compound_perturb_obj':       10                  5            0     644'455        355'638     144'386            354      6'605'509
                       'fj_restart_decay_obj':       11                  8      890'247           0              0           0          2'989      4'380'192
                   'fj_restart_decay_perturb':       17                  8    1'385'618           0              0           0          4'594      6'817'644
               'fj_restart_decay_perturb_obj':       41                 10    3'358'683           0              0           0         10'943     16'449'762
                             'fj_restart_obj':        8                  4      537'945           0              0           0         14'535      4'059'978
                         'fj_restart_perturb':       11                  7      738'084           0              0           0         18'487      5'520'485
                     'fj_restart_perturb_obj':       23                  6    1'537'344           0              0           0         53'704     11'948'455
                             'ls_lin_restart':    1'866                470   95'253'177           0              0           0      3'379'937    747'294'205
                    'ls_lin_restart_compound':    2'032                470            0  33'944'410      3'211'597  15'365'274        100'538    416'313'131
            'ls_lin_restart_compound_perturb':    1'843                455            0  29'594'216      3'180'621  13'205'764         91'344    376'953'800
                       'ls_lin_restart_decay':    1'917                457   70'885'580           0              0           0        282'888    358'676'103
              'ls_lin_restart_decay_compound':    1'669                483            0  24'048'267      7'136'213   8'455'085         40'870    340'151'494
      'ls_lin_restart_decay_compound_perturb':    1'226                442            0  17'563'577      5'414'126   6'073'848         36'086    250'023'818
               'ls_lin_restart_decay_perturb':    1'950                465   72'185'570           0              0           0        287'944    365'373'221
                     'ls_lin_restart_perturb':    1'429                449   71'817'439           0              0           0      2'444'032    562'446'627
                                 'ls_restart':    3'852                982  196'740'903           0              0           0      7'045'031  1'547'201'849
                        'ls_restart_compound':    3'983                966            0  65'433'161      6'465'865  29'481'661        203'379    815'821'832
                'ls_restart_compound_perturb':    3'964                950            0  63'229'008      6'919'034  28'152'972        195'695    806'675'091
                           'ls_restart_decay':    3'907                897  144'642'798           0              0           0        575'197    731'721'492
                  'ls_restart_decay_compound':    5'195                914            0  77'748'387     21'153'203  28'295'784         82'106  1'057'583'593
          'ls_restart_decay_compound_perturb':    3'233                921            0  47'079'668     13'918'454  16'578'780         77'576    660'805'079
                   'ls_restart_decay_perturb':    3'186                912  117'689'740           0              0           0        477'391    596'450'467
                         'ls_restart_perturb':    3'869                878  199'989'832           0              0           0      7'200'386  1'573'949'483

Solutions (48)                          Num     Rank
      'fs_random_quick_restart_no_lp':    1    [1,1]
                      'graph_arc_lns':   10  [24,47]
                      'graph_cst_lns':    3  [37,48]
                      'graph_dec_lns':    1  [28,28]
                      'graph_var_lns':    2  [25,35]
      'ls_lin_restart_decay_compound':    3  [16,18]
        'ls_restart_compound_perturb':    2  [11,34]
  'ls_restart_decay_compound_perturb':    2  [32,33]
           'ls_restart_decay_perturb':    1  [22,22]
                'quick_restart_no_lp':   18   [2,42]
                        'rins_lp_lns':    3  [38,46]
                        'rnd_cst_lns':    1  [36,36]
                        'rnd_var_lns':    1  [31,31]

Objective bounds     Num
    'am1_presolve':    1
       'bool_core':   57
  'initial_domain':    1
  'lb_tree_search':   15
          'max_lp':    9
  'probing_max_lp':    8

Solution repositories     Added  Queried  Synchro
  'feasible solutions':  37'219   62'417   18'960
   'fj solution hints':     167        0      159
        'lp solutions':     786    2'220      747
                'pump':  45'314    2'137

Improving bounds shared    Num  Sym
            'default_lp':    2    0
   'objective_lb_search':    2    0
         'quick_restart':    1    0

Clauses shared                      Num
                           'core':   13
                      'fs_random':    1
                'fs_random_no_lp':   18
  'fs_random_quick_restart_no_lp':   24
                          'no_lp':   13
      'objective_lb_search_no_lp':    4
                  'probing_no_lp':    7
            'quick_restart_no_lp':   82

CpSolverResponse summary:
status: FEASIBLE
objective: 64050
best_bound: 61656
integers: 3743
booleans: 5909
conflicts: 46316
branches: 548180
propagations: 11182345
integer_propagations: 6181066
restarts: 56561
lp_iterations: 0
walltime: 300.789
usertime: 300.789
deterministic_time: 10361.3
gap_integral: 84621.2
solution_fingerprint: 0x7d81cfd32edda808

TACC:  MPI job exited with code: 10 
TACC:  Shutdown complete. Exiting. 
